<?xml version="1.0" encoding="UTF-8"?>
<TestRun id="41a5f628-5f0c-444c-a5fa-daf3cec1424a" name="NhatMinh@LAPTOP-OTVHORNK 2019-11-17 18:17:12" runUser="LAPTOP-OTVHORNK\NhatMinh" xmlns="http://microsoft.com/schemas/VisualStudio/TeamTest/2010">
  <TestSettings name="Local" id="293b60f0-7b6a-4642-86ed-df84e909a222">
    <Description>These are default test settings for a local test run.</Description>
    <Deployment enabled="false" runDeploymentRoot="NhatMinh_LAPTOP-OTVHORNK 2019-11-17 18_17_12">
      <DeploymentItem filename="C:\Users\NhatMinh\Desktop\Cua-hang-may-anh\GiaoDien\bin\Debug\GiaoDien.exe" />
    </Deployment>
    <Execution>
      <TestTypeSpecific />
      <AgentRule name="Execution Agents">
      </AgentRule>
    </Execution>
  </TestSettings>
  <Times creation="2019-11-17T18:17:12.0668133+07:00" queuing="2019-11-17T18:17:12.0827733+07:00" start="2019-11-17T18:17:12.0897510+07:00" finish="2019-11-17T18:17:12.7801985+07:00" />
  <ResultSummary outcome="Failed">
    <Counters total="17" executed="17" passed="16" error="0" failed="1" timeout="0" aborted="0" inconclusive="0" passedButRunAborted="0" notRunnable="0" notExecuted="0" disconnected="0" warning="0" completed="0" inProgress="0" pending="0" />
  </ResultSummary>
  <TestDefinitions>
    <UnitTest name="TestKTMatKhau_SaiThongTin" storage="c:\users\nhatminh\desktop\cua-hang-may-anh\testproject\bin\debug\testproject.dll" id="2a44b4e3-5f53-8c88-f788-3dac2839bb85">
      <Execution id="aae90949-5441-4a20-8341-ee4b9c18a4de" />
      <TestMethod codeBase="C:/Users/NhatMinh/Desktop/Cua-hang-may-anh/TestProject/bin/Debug/TestProject.DLL" adapterTypeName="Microsoft.VisualStudio.TestTools.TestTypes.Unit.UnitTestAdapter, Microsoft.VisualStudio.QualityTools.Tips.UnitTest.Adapter, Version=10.0.0.0, Culture=neutral, PublicKeyToken=b03f5f7f11d50a3a" className="TestProject.UnitTest1, TestProject, Version=1.0.0.0, Culture=neutral, PublicKeyToken=null" name="TestKTMatKhau_SaiThongTin" />
    </UnitTest>
    <UnitTest name="TestKTMatKhau" storage="c:\users\nhatminh\desktop\cua-hang-may-anh\testproject\bin\debug\testproject.dll" id="5e7b3674-8f66-dbaa-2296-433ca5893238">
      <Execution id="64da3952-a452-4d7f-9f23-c9f09e660300" />
      <TestMethod codeBase="C:/Users/NhatMinh/Desktop/Cua-hang-may-anh/TestProject/bin/Debug/TestProject.DLL" adapterTypeName="Microsoft.VisualStudio.TestTools.TestTypes.Unit.UnitTestAdapter, Microsoft.VisualStudio.QualityTools.Tips.UnitTest.Adapter, Version=10.0.0.0, Culture=neutral, PublicKeyToken=b03f5f7f11d50a3a" className="TestProject.UnitTest1, TestProject, Version=1.0.0.0, Culture=neutral, PublicKeyToken=null" name="TestKTMatKhau" />
    </UnitTest>
    <UnitTest name="TestKTThanhToan_HoaDonDaThanhToan" storage="c:\users\nhatminh\desktop\cua-hang-may-anh\testproject\bin\debug\testproject.dll" id="4405e37f-eaf8-6688-b13d-1a49b4fcb160">
      <Execution id="7ada722e-6e03-4959-89ee-a77ea4974d94" />
      <TestMethod codeBase="C:/Users/NhatMinh/Desktop/Cua-hang-may-anh/TestProject/bin/Debug/TestProject.DLL" adapterTypeName="Microsoft.VisualStudio.TestTools.TestTypes.Unit.UnitTestAdapter, Microsoft.VisualStudio.QualityTools.Tips.UnitTest.Adapter, Version=10.0.0.0, Culture=neutral, PublicKeyToken=b03f5f7f11d50a3a" className="TestProject.UnitTest1, TestProject, Version=1.0.0.0, Culture=neutral, PublicKeyToken=null" name="TestKTThanhToan_HoaDonDaThanhToan" />
    </UnitTest>
    <UnitTest name="TestKTTonTaiGiaTriStringTrue" storage="c:\users\nhatminh\desktop\cua-hang-may-anh\testproject\bin\debug\testproject.dll" id="82739ca3-0c68-ca0b-0507-6c851be9e819">
      <Execution id="daf817cc-3720-4248-b0c9-f8b819a738fe" />
      <TestMethod codeBase="C:/Users/NhatMinh/Desktop/Cua-hang-may-anh/TestProject/bin/Debug/TestProject.DLL" adapterTypeName="Microsoft.VisualStudio.TestTools.TestTypes.Unit.UnitTestAdapter, Microsoft.VisualStudio.QualityTools.Tips.UnitTest.Adapter, Version=10.0.0.0, Culture=neutral, PublicKeyToken=b03f5f7f11d50a3a" className="TestProject.UnitTest1, TestProject, Version=1.0.0.0, Culture=neutral, PublicKeyToken=null" name="TestKTTonTaiGiaTriStringTrue" />
    </UnitTest>
    <UnitTest name="TestKTMatKhau_TaiKhoanKhongTonTai" storage="c:\users\nhatminh\desktop\cua-hang-may-anh\testproject\bin\debug\testproject.dll" id="bec96b4e-9bdb-85be-5bc5-ebe9b4d78c9d">
      <Execution id="a94daea5-a54f-43b5-a10a-59a40e7f0e17" />
      <TestMethod codeBase="C:/Users/NhatMinh/Desktop/Cua-hang-may-anh/TestProject/bin/Debug/TestProject.DLL" adapterTypeName="Microsoft.VisualStudio.TestTools.TestTypes.Unit.UnitTestAdapter, Microsoft.VisualStudio.QualityTools.Tips.UnitTest.Adapter, Version=10.0.0.0, Culture=neutral, PublicKeyToken=b03f5f7f11d50a3a" className="TestProject.UnitTest1, TestProject, Version=1.0.0.0, Culture=neutral, PublicKeyToken=null" name="TestKTMatKhau_TaiKhoanKhongTonTai" />
    </UnitTest>
    <UnitTest name="TestKTHoaDon_KhongTonTai" storage="c:\users\nhatminh\desktop\cua-hang-may-anh\testproject\bin\debug\testproject.dll" id="dbc87517-b148-ed9e-ff8f-5a2114afac21">
      <Execution id="0bfd0dcc-5cb2-453c-ac5a-02bb979aebbf" />
      <TestMethod codeBase="C:/Users/NhatMinh/Desktop/Cua-hang-may-anh/TestProject/bin/Debug/TestProject.DLL" adapterTypeName="Microsoft.VisualStudio.TestTools.TestTypes.Unit.UnitTestAdapter, Microsoft.VisualStudio.QualityTools.Tips.UnitTest.Adapter, Version=10.0.0.0, Culture=neutral, PublicKeyToken=b03f5f7f11d50a3a" className="TestProject.UnitTest1, TestProject, Version=1.0.0.0, Culture=neutral, PublicKeyToken=null" name="TestKTHoaDon_KhongTonTai" />
    </UnitTest>
    <UnitTest name="TestKTMatKhau_ItHon6KyTu" storage="c:\users\nhatminh\desktop\cua-hang-may-anh\testproject\bin\debug\testproject.dll" id="94b5376d-1cf0-89a5-ea19-bd84b56b2184">
      <Execution id="e15bf688-6117-4d68-aec3-e58bba4f0334" />
      <TestMethod codeBase="C:/Users/NhatMinh/Desktop/Cua-hang-may-anh/TestProject/bin/Debug/TestProject.DLL" adapterTypeName="Microsoft.VisualStudio.TestTools.TestTypes.Unit.UnitTestAdapter, Microsoft.VisualStudio.QualityTools.Tips.UnitTest.Adapter, Version=10.0.0.0, Culture=neutral, PublicKeyToken=b03f5f7f11d50a3a" className="TestProject.UnitTest1, TestProject, Version=1.0.0.0, Culture=neutral, PublicKeyToken=null" name="TestKTMatKhau_ItHon6KyTu" />
    </UnitTest>
    <UnitTest name="TestKTSDT_ItHon10KyTu" storage="c:\users\nhatminh\desktop\cua-hang-may-anh\testproject\bin\debug\testproject.dll" id="78ad5c8d-fb20-31ec-012e-89ca87cff893">
      <Execution id="2bf3ca06-3b6f-4c3d-b672-1f9394fae7cd" />
      <TestMethod codeBase="C:/Users/NhatMinh/Desktop/Cua-hang-may-anh/TestProject/bin/Debug/TestProject.DLL" adapterTypeName="Microsoft.VisualStudio.TestTools.TestTypes.Unit.UnitTestAdapter, Microsoft.VisualStudio.QualityTools.Tips.UnitTest.Adapter, Version=10.0.0.0, Culture=neutral, PublicKeyToken=b03f5f7f11d50a3a" className="TestProject.UnitTest1, TestProject, Version=1.0.0.0, Culture=neutral, PublicKeyToken=null" name="TestKTSDT_ItHon10KyTu" />
    </UnitTest>
    <UnitTest name="TestKTHoaDon_DaTonTai_DaThanhToan" storage="c:\users\nhatminh\desktop\cua-hang-may-anh\testproject\bin\debug\testproject.dll" id="cdddd47d-71b4-499d-94a0-bbe9185c625f">
      <Execution id="82a4d51d-a6bd-449d-9ae0-bd48cf7a5d29" />
      <TestMethod codeBase="C:/Users/NhatMinh/Desktop/Cua-hang-may-anh/TestProject/bin/Debug/TestProject.DLL" adapterTypeName="Microsoft.VisualStudio.TestTools.TestTypes.Unit.UnitTestAdapter, Microsoft.VisualStudio.QualityTools.Tips.UnitTest.Adapter, Version=10.0.0.0, Culture=neutral, PublicKeyToken=b03f5f7f11d50a3a" className="TestProject.UnitTest1, TestProject, Version=1.0.0.0, Culture=neutral, PublicKeyToken=null" name="TestKTHoaDon_DaTonTai_DaThanhToan" />
    </UnitTest>
    <UnitTest name="TestKTSDT_KyTuChu" storage="c:\users\nhatminh\desktop\cua-hang-may-anh\testproject\bin\debug\testproject.dll" id="8d3f1433-b74e-4085-5089-20345c8ed0f6">
      <Execution id="a04f74fa-7ed3-4cc7-9858-db98c44c6389" />
      <TestMethod codeBase="C:/Users/NhatMinh/Desktop/Cua-hang-may-anh/TestProject/bin/Debug/TestProject.DLL" adapterTypeName="Microsoft.VisualStudio.TestTools.TestTypes.Unit.UnitTestAdapter, Microsoft.VisualStudio.QualityTools.Tips.UnitTest.Adapter, Version=10.0.0.0, Culture=neutral, PublicKeyToken=b03f5f7f11d50a3a" className="TestProject.UnitTest1, TestProject, Version=1.0.0.0, Culture=neutral, PublicKeyToken=null" name="TestKTSDT_KyTuChu" />
    </UnitTest>
    <UnitTest name="TestKTTonTaiGiaTriStringFalse" storage="c:\users\nhatminh\desktop\cua-hang-may-anh\testproject\bin\debug\testproject.dll" id="48892fdf-792f-6913-9069-225a30b3e44e">
      <Execution id="57b04b5a-1c7d-4f7c-85be-97f7aaa83bde" />
      <TestMethod codeBase="C:/Users/NhatMinh/Desktop/Cua-hang-may-anh/TestProject/bin/Debug/TestProject.DLL" adapterTypeName="Microsoft.VisualStudio.TestTools.TestTypes.Unit.UnitTestAdapter, Microsoft.VisualStudio.QualityTools.Tips.UnitTest.Adapter, Version=10.0.0.0, Culture=neutral, PublicKeyToken=b03f5f7f11d50a3a" className="TestProject.UnitTest1, TestProject, Version=1.0.0.0, Culture=neutral, PublicKeyToken=null" name="TestKTTonTaiGiaTriStringFalse" />
    </UnitTest>
    <UnitTest name="TestKTHoaDon_DaTonTai_ChuaThanhToan" storage="c:\users\nhatminh\desktop\cua-hang-may-anh\testproject\bin\debug\testproject.dll" id="b104c701-ec4a-6397-49b8-9bba94bb68f3">
      <Execution id="84edf3cb-fa47-4e5a-9a05-1c54435689f5" />
      <TestMethod codeBase="C:/Users/NhatMinh/Desktop/Cua-hang-may-anh/TestProject/bin/Debug/TestProject.DLL" adapterTypeName="Microsoft.VisualStudio.TestTools.TestTypes.Unit.UnitTestAdapter, Microsoft.VisualStudio.QualityTools.Tips.UnitTest.Adapter, Version=10.0.0.0, Culture=neutral, PublicKeyToken=b03f5f7f11d50a3a" className="TestProject.UnitTest1, TestProject, Version=1.0.0.0, Culture=neutral, PublicKeyToken=null" name="TestKTHoaDon_DaTonTai_ChuaThanhToan" />
    </UnitTest>
    <UnitTest name="TestKTSDT_NhieuHon10KyTu" storage="c:\users\nhatminh\desktop\cua-hang-may-anh\testproject\bin\debug\testproject.dll" id="3865a30f-efbc-a87d-4d4f-e0b4950f9666">
      <Execution id="12190b25-6871-4eec-998f-7f9f3679e529" />
      <TestMethod codeBase="C:/Users/NhatMinh/Desktop/Cua-hang-may-anh/TestProject/bin/Debug/TestProject.DLL" adapterTypeName="Microsoft.VisualStudio.TestTools.TestTypes.Unit.UnitTestAdapter, Microsoft.VisualStudio.QualityTools.Tips.UnitTest.Adapter, Version=10.0.0.0, Culture=neutral, PublicKeyToken=b03f5f7f11d50a3a" className="TestProject.UnitTest1, TestProject, Version=1.0.0.0, Culture=neutral, PublicKeyToken=null" name="TestKTSDT_NhieuHon10KyTu" />
    </UnitTest>
    <UnitTest name="TestKTSDT" storage="c:\users\nhatminh\desktop\cua-hang-may-anh\testproject\bin\debug\testproject.dll" id="d9cbf4be-c197-fc2f-02ce-fff66d20093d">
      <Execution id="2af684ff-522e-46ec-9882-2d48969544b2" />
      <TestMethod codeBase="C:/Users/NhatMinh/Desktop/Cua-hang-may-anh/TestProject/bin/Debug/TestProject.DLL" adapterTypeName="Microsoft.VisualStudio.TestTools.TestTypes.Unit.UnitTestAdapter, Microsoft.VisualStudio.QualityTools.Tips.UnitTest.Adapter, Version=10.0.0.0, Culture=neutral, PublicKeyToken=b03f5f7f11d50a3a" className="TestProject.UnitTest1, TestProject, Version=1.0.0.0, Culture=neutral, PublicKeyToken=null" name="TestKTSDT" />
    </UnitTest>
    <UnitTest name="TestKTTonTaiGiaTriIntFalse" storage="c:\users\nhatminh\desktop\cua-hang-may-anh\testproject\bin\debug\testproject.dll" id="a0fcdfa4-63d8-ddf4-bffa-d8b338e6167d">
      <Execution id="cfb82f3d-48b1-4180-9be4-c16b7748be96" />
      <TestMethod codeBase="C:/Users/NhatMinh/Desktop/Cua-hang-may-anh/TestProject/bin/Debug/TestProject.DLL" adapterTypeName="Microsoft.VisualStudio.TestTools.TestTypes.Unit.UnitTestAdapter, Microsoft.VisualStudio.QualityTools.Tips.UnitTest.Adapter, Version=10.0.0.0, Culture=neutral, PublicKeyToken=b03f5f7f11d50a3a" className="TestProject.UnitTest1, TestProject, Version=1.0.0.0, Culture=neutral, PublicKeyToken=null" name="TestKTTonTaiGiaTriIntFalse" />
    </UnitTest>
    <UnitTest name="TestKTThanhToan_HoaDonChuaThanhToan" storage="c:\users\nhatminh\desktop\cua-hang-may-anh\testproject\bin\debug\testproject.dll" id="4da57523-8aaf-3666-5639-24fe1a306460">
      <Execution id="1ca03333-4790-4170-98df-b30f43933885" />
      <TestMethod codeBase="C:/Users/NhatMinh/Desktop/Cua-hang-may-anh/TestProject/bin/Debug/TestProject.DLL" adapterTypeName="Microsoft.VisualStudio.TestTools.TestTypes.Unit.UnitTestAdapter, Microsoft.VisualStudio.QualityTools.Tips.UnitTest.Adapter, Version=10.0.0.0, Culture=neutral, PublicKeyToken=b03f5f7f11d50a3a" className="TestProject.UnitTest1, TestProject, Version=1.0.0.0, Culture=neutral, PublicKeyToken=null" name="TestKTThanhToan_HoaDonChuaThanhToan" />
    </UnitTest>
    <UnitTest name="TestKTTonTaiGiaTriIntTrue" storage="c:\users\nhatminh\desktop\cua-hang-may-anh\testproject\bin\debug\testproject.dll" id="f9e0645b-2a70-f6fd-e356-1520485cc513">
      <Execution id="6e43b281-80d9-40e3-ac65-7b544d38679f" />
      <TestMethod codeBase="C:/Users/NhatMinh/Desktop/Cua-hang-may-anh/TestProject/bin/Debug/TestProject.DLL" adapterTypeName="Microsoft.VisualStudio.TestTools.TestTypes.Unit.UnitTestAdapter, Microsoft.VisualStudio.QualityTools.Tips.UnitTest.Adapter, Version=10.0.0.0, Culture=neutral, PublicKeyToken=b03f5f7f11d50a3a" className="TestProject.UnitTest1, TestProject, Version=1.0.0.0, Culture=neutral, PublicKeyToken=null" name="TestKTTonTaiGiaTriIntTrue" />
    </UnitTest>
  </TestDefinitions>
  <TestLists>
    <TestList name="Results Not in a List" id="8c84fa94-04c1-424b-9868-57a2d4851a1d" />
    <TestList name="All Loaded Results" id="19431567-8539-422a-85d7-44ee4e166bda" />
  </TestLists>
  <TestEntries>
    <TestEntry testId="2a44b4e3-5f53-8c88-f788-3dac2839bb85" executionId="aae90949-5441-4a20-8341-ee4b9c18a4de" testListId="8c84fa94-04c1-424b-9868-57a2d4851a1d" />
    <TestEntry testId="3865a30f-efbc-a87d-4d4f-e0b4950f9666" executionId="12190b25-6871-4eec-998f-7f9f3679e529" testListId="8c84fa94-04c1-424b-9868-57a2d4851a1d" />
    <TestEntry testId="4405e37f-eaf8-6688-b13d-1a49b4fcb160" executionId="7ada722e-6e03-4959-89ee-a77ea4974d94" testListId="8c84fa94-04c1-424b-9868-57a2d4851a1d" />
    <TestEntry testId="48892fdf-792f-6913-9069-225a30b3e44e" executionId="57b04b5a-1c7d-4f7c-85be-97f7aaa83bde" testListId="8c84fa94-04c1-424b-9868-57a2d4851a1d" />
    <TestEntry testId="4da57523-8aaf-3666-5639-24fe1a306460" executionId="1ca03333-4790-4170-98df-b30f43933885" testListId="8c84fa94-04c1-424b-9868-57a2d4851a1d" />
    <TestEntry testId="5e7b3674-8f66-dbaa-2296-433ca5893238" executionId="64da3952-a452-4d7f-9f23-c9f09e660300" testListId="8c84fa94-04c1-424b-9868-57a2d4851a1d" />
    <TestEntry testId="78ad5c8d-fb20-31ec-012e-89ca87cff893" executionId="2bf3ca06-3b6f-4c3d-b672-1f9394fae7cd" testListId="8c84fa94-04c1-424b-9868-57a2d4851a1d" />
    <TestEntry testId="82739ca3-0c68-ca0b-0507-6c851be9e819" executionId="daf817cc-3720-4248-b0c9-f8b819a738fe" testListId="8c84fa94-04c1-424b-9868-57a2d4851a1d" />
    <TestEntry testId="8d3f1433-b74e-4085-5089-20345c8ed0f6" executionId="a04f74fa-7ed3-4cc7-9858-db98c44c6389" testListId="8c84fa94-04c1-424b-9868-57a2d4851a1d" />
    <TestEntry testId="94b5376d-1cf0-89a5-ea19-bd84b56b2184" executionId="e15bf688-6117-4d68-aec3-e58bba4f0334" testListId="8c84fa94-04c1-424b-9868-57a2d4851a1d" />
    <TestEntry testId="a0fcdfa4-63d8-ddf4-bffa-d8b338e6167d" executionId="cfb82f3d-48b1-4180-9be4-c16b7748be96" testListId="8c84fa94-04c1-424b-9868-57a2d4851a1d" />
    <TestEntry testId="b104c701-ec4a-6397-49b8-9bba94bb68f3" executionId="84edf3cb-fa47-4e5a-9a05-1c54435689f5" testListId="8c84fa94-04c1-424b-9868-57a2d4851a1d" />
    <TestEntry testId="bec96b4e-9bdb-85be-5bc5-ebe9b4d78c9d" executionId="a94daea5-a54f-43b5-a10a-59a40e7f0e17" testListId="8c84fa94-04c1-424b-9868-57a2d4851a1d" />
    <TestEntry testId="cdddd47d-71b4-499d-94a0-bbe9185c625f" executionId="82a4d51d-a6bd-449d-9ae0-bd48cf7a5d29" testListId="8c84fa94-04c1-424b-9868-57a2d4851a1d" />
    <TestEntry testId="d9cbf4be-c197-fc2f-02ce-fff66d20093d" executionId="2af684ff-522e-46ec-9882-2d48969544b2" testListId="8c84fa94-04c1-424b-9868-57a2d4851a1d" />
    <TestEntry testId="dbc87517-b148-ed9e-ff8f-5a2114afac21" executionId="0bfd0dcc-5cb2-453c-ac5a-02bb979aebbf" testListId="8c84fa94-04c1-424b-9868-57a2d4851a1d" />
    <TestEntry testId="f9e0645b-2a70-f6fd-e356-1520485cc513" executionId="6e43b281-80d9-40e3-ac65-7b544d38679f" testListId="8c84fa94-04c1-424b-9868-57a2d4851a1d" />
  </TestEntries>
  <Results>
    <UnitTestResult executionId="aae90949-5441-4a20-8341-ee4b9c18a4de" testId="2a44b4e3-5f53-8c88-f788-3dac2839bb85" testName="TestKTMatKhau_SaiThongTin" computerName="LAPTOP-OTVHORNK" duration="00:00:00.0831465" startTime="2019-11-17T18:17:12.0957373+07:00" endTime="2019-11-17T18:17:12.3465202+07:00" testType="13cdc9d9-ddb5-4fa4-a97d-d965ccfc6d4b" outcome="Passed" testListId="8c84fa94-04c1-424b-9868-57a2d4851a1d" relativeResultsDirectory="aae90949-5441-4a20-8341-ee4b9c18a4de">
    </UnitTestResult>
    <UnitTestResult executionId="12190b25-6871-4eec-998f-7f9f3679e529" testId="3865a30f-efbc-a87d-4d4f-e0b4950f9666" testName="TestKTSDT_NhieuHon10KyTu" computerName="LAPTOP-OTVHORNK" duration="00:00:00.0001991" startTime="2019-11-17T18:17:12.3515334+07:00" endTime="2019-11-17T18:17:12.3554963+07:00" testType="13cdc9d9-ddb5-4fa4-a97d-d965ccfc6d4b" outcome="Passed" testListId="8c84fa94-04c1-424b-9868-57a2d4851a1d" relativeResultsDirectory="12190b25-6871-4eec-998f-7f9f3679e529">
    </UnitTestResult>
    <UnitTestResult executionId="7ada722e-6e03-4959-89ee-a77ea4974d94" testId="4405e37f-eaf8-6688-b13d-1a49b4fcb160" testName="TestKTThanhToan_HoaDonDaThanhToan" computerName="LAPTOP-OTVHORNK" duration="00:00:00.0838050" startTime="2019-11-17T18:17:12.3604838+07:00" endTime="2019-11-17T18:17:12.4469389+07:00" testType="13cdc9d9-ddb5-4fa4-a97d-d965ccfc6d4b" outcome="Failed" testListId="8c84fa94-04c1-424b-9868-57a2d4851a1d" relativeResultsDirectory="7ada722e-6e03-4959-89ee-a77ea4974d94">
      <Output>
        <ErrorInfo>
          <Message>Assert.IsTrue failed. </Message>
          <StackTrace>   at TestProject.UnitTest1.TestKTThanhToan_HoaDonDaThanhToan() in C:\Users\NhatMinh\Desktop\Cua-hang-may-anh\TestProject\UnitTest1.cs:line 247
</StackTrace>
        </ErrorInfo>
      </Output>
    </UnitTestResult>
    <UnitTestResult executionId="57b04b5a-1c7d-4f7c-85be-97f7aaa83bde" testId="48892fdf-792f-6913-9069-225a30b3e44e" testName="TestKTTonTaiGiaTriStringFalse" computerName="LAPTOP-OTVHORNK" duration="00:00:00.0749487" startTime="2019-11-17T18:17:12.4529255+07:00" endTime="2019-11-17T18:17:12.5320024+07:00" testType="13cdc9d9-ddb5-4fa4-a97d-d965ccfc6d4b" outcome="Passed" testListId="8c84fa94-04c1-424b-9868-57a2d4851a1d" relativeResultsDirectory="57b04b5a-1c7d-4f7c-85be-97f7aaa83bde">
    </UnitTestResult>
    <UnitTestResult executionId="1ca03333-4790-4170-98df-b30f43933885" testId="4da57523-8aaf-3666-5639-24fe1a306460" testName="TestKTThanhToan_HoaDonChuaThanhToan" computerName="LAPTOP-OTVHORNK" duration="00:00:00.0046857" startTime="2019-11-17T18:17:12.5379259+07:00" endTime="2019-11-17T18:17:12.5459043+07:00" testType="13cdc9d9-ddb5-4fa4-a97d-d965ccfc6d4b" outcome="Passed" testListId="8c84fa94-04c1-424b-9868-57a2d4851a1d" relativeResultsDirectory="1ca03333-4790-4170-98df-b30f43933885">
    </UnitTestResult>
    <UnitTestResult executionId="64da3952-a452-4d7f-9f23-c9f09e660300" testId="5e7b3674-8f66-dbaa-2296-433ca5893238" testName="TestKTMatKhau" computerName="LAPTOP-OTVHORNK" duration="00:00:00.0050564" startTime="2019-11-17T18:17:12.5528857+07:00" endTime="2019-11-17T18:17:12.5608638+07:00" testType="13cdc9d9-ddb5-4fa4-a97d-d965ccfc6d4b" outcome="Passed" testListId="8c84fa94-04c1-424b-9868-57a2d4851a1d" relativeResultsDirectory="64da3952-a452-4d7f-9f23-c9f09e660300">
    </UnitTestResult>
    <UnitTestResult executionId="2bf3ca06-3b6f-4c3d-b672-1f9394fae7cd" testId="78ad5c8d-fb20-31ec-012e-89ca87cff893" testName="TestKTSDT_ItHon10KyTu" computerName="LAPTOP-OTVHORNK" duration="00:00:00.0001191" startTime="2019-11-17T18:17:12.5668479+07:00" endTime="2019-11-17T18:17:12.5708375+07:00" testType="13cdc9d9-ddb5-4fa4-a97d-d965ccfc6d4b" outcome="Passed" testListId="8c84fa94-04c1-424b-9868-57a2d4851a1d" relativeResultsDirectory="2bf3ca06-3b6f-4c3d-b672-1f9394fae7cd">
    </UnitTestResult>
    <UnitTestResult executionId="daf817cc-3720-4248-b0c9-f8b819a738fe" testId="82739ca3-0c68-ca0b-0507-6c851be9e819" testName="TestKTTonTaiGiaTriStringTrue" computerName="LAPTOP-OTVHORNK" duration="00:00:00.0096846" startTime="2019-11-17T18:17:12.5788348+07:00" endTime="2019-11-17T18:17:12.5927784+07:00" testType="13cdc9d9-ddb5-4fa4-a97d-d965ccfc6d4b" outcome="Passed" testListId="8c84fa94-04c1-424b-9868-57a2d4851a1d" relativeResultsDirectory="daf817cc-3720-4248-b0c9-f8b819a738fe">
    </UnitTestResult>
    <UnitTestResult executionId="a04f74fa-7ed3-4cc7-9858-db98c44c6389" testId="8d3f1433-b74e-4085-5089-20345c8ed0f6" testName="TestKTSDT_KyTuChu" computerName="LAPTOP-OTVHORNK" duration="00:00:00.0001333" startTime="2019-11-17T18:17:12.5987623+07:00" endTime="2019-11-17T18:17:12.6027523+07:00" testType="13cdc9d9-ddb5-4fa4-a97d-d965ccfc6d4b" outcome="Passed" testListId="8c84fa94-04c1-424b-9868-57a2d4851a1d" relativeResultsDirectory="a04f74fa-7ed3-4cc7-9858-db98c44c6389">
    </UnitTestResult>
    <UnitTestResult executionId="e15bf688-6117-4d68-aec3-e58bba4f0334" testId="94b5376d-1cf0-89a5-ea19-bd84b56b2184" testName="TestKTMatKhau_ItHon6KyTu" computerName="LAPTOP-OTVHORNK" duration="00:00:00.0002075" startTime="2019-11-17T18:17:12.6087362+07:00" endTime="2019-11-17T18:17:12.6137518+07:00" testType="13cdc9d9-ddb5-4fa4-a97d-d965ccfc6d4b" outcome="Passed" testListId="8c84fa94-04c1-424b-9868-57a2d4851a1d" relativeResultsDirectory="e15bf688-6117-4d68-aec3-e58bba4f0334">
    </UnitTestResult>
    <UnitTestResult executionId="cfb82f3d-48b1-4180-9be4-c16b7748be96" testId="a0fcdfa4-63d8-ddf4-bffa-d8b338e6167d" testName="TestKTTonTaiGiaTriIntFalse" computerName="LAPTOP-OTVHORNK" duration="00:00:00.0059288" startTime="2019-11-17T18:17:12.6197081+07:00" endTime="2019-11-17T18:17:12.6286837+07:00" testType="13cdc9d9-ddb5-4fa4-a97d-d965ccfc6d4b" outcome="Passed" testListId="8c84fa94-04c1-424b-9868-57a2d4851a1d" relativeResultsDirectory="cfb82f3d-48b1-4180-9be4-c16b7748be96">
    </UnitTestResult>
    <UnitTestResult executionId="84edf3cb-fa47-4e5a-9a05-1c54435689f5" testId="b104c701-ec4a-6397-49b8-9bba94bb68f3" testName="TestKTHoaDon_DaTonTai_ChuaThanhToan" computerName="LAPTOP-OTVHORNK" duration="00:00:00.0055182" startTime="2019-11-17T18:17:12.6346681+07:00" endTime="2019-11-17T18:17:12.6436426+07:00" testType="13cdc9d9-ddb5-4fa4-a97d-d965ccfc6d4b" outcome="Passed" testListId="8c84fa94-04c1-424b-9868-57a2d4851a1d" relativeResultsDirectory="84edf3cb-fa47-4e5a-9a05-1c54435689f5">
    </UnitTestResult>
    <UnitTestResult executionId="a94daea5-a54f-43b5-a10a-59a40e7f0e17" testId="bec96b4e-9bdb-85be-5bc5-ebe9b4d78c9d" testName="TestKTMatKhau_TaiKhoanKhongTonTai" computerName="LAPTOP-OTVHORNK" duration="00:00:00.0044639" startTime="2019-11-17T18:17:12.6496263+07:00" endTime="2019-11-17T18:17:12.6586016+07:00" testType="13cdc9d9-ddb5-4fa4-a97d-d965ccfc6d4b" outcome="Passed" testListId="8c84fa94-04c1-424b-9868-57a2d4851a1d" relativeResultsDirectory="a94daea5-a54f-43b5-a10a-59a40e7f0e17">
    </UnitTestResult>
    <UnitTestResult executionId="82a4d51d-a6bd-449d-9ae0-bd48cf7a5d29" testId="cdddd47d-71b4-499d-94a0-bbe9185c625f" testName="TestKTHoaDon_DaTonTai_DaThanhToan" computerName="LAPTOP-OTVHORNK" duration="00:00:00.0070302" startTime="2019-11-17T18:17:12.6655842+07:00" endTime="2019-11-17T18:17:12.6755574+07:00" testType="13cdc9d9-ddb5-4fa4-a97d-d965ccfc6d4b" outcome="Passed" testListId="8c84fa94-04c1-424b-9868-57a2d4851a1d" relativeResultsDirectory="82a4d51d-a6bd-449d-9ae0-bd48cf7a5d29">
    </UnitTestResult>
    <UnitTestResult executionId="2af684ff-522e-46ec-9882-2d48969544b2" testId="d9cbf4be-c197-fc2f-02ce-fff66d20093d" testName="TestKTSDT" computerName="LAPTOP-OTVHORNK" duration="00:00:00.0001346" startTime="2019-11-17T18:17:12.6835388+07:00" endTime="2019-11-17T18:17:12.6875255+07:00" testType="13cdc9d9-ddb5-4fa4-a97d-d965ccfc6d4b" outcome="Passed" testListId="8c84fa94-04c1-424b-9868-57a2d4851a1d" relativeResultsDirectory="2af684ff-522e-46ec-9882-2d48969544b2">
    </UnitTestResult>
    <UnitTestResult executionId="0bfd0dcc-5cb2-453c-ac5a-02bb979aebbf" testId="dbc87517-b148-ed9e-ff8f-5a2114afac21" testName="TestKTHoaDon_KhongTonTai" computerName="LAPTOP-OTVHORNK" duration="00:00:00.0056722" startTime="2019-11-17T18:17:12.6935104+07:00" endTime="2019-11-17T18:17:12.7020916+07:00" testType="13cdc9d9-ddb5-4fa4-a97d-d965ccfc6d4b" outcome="Passed" testListId="8c84fa94-04c1-424b-9868-57a2d4851a1d" relativeResultsDirectory="0bfd0dcc-5cb2-453c-ac5a-02bb979aebbf">
    </UnitTestResult>
    <UnitTestResult executionId="6e43b281-80d9-40e3-ac65-7b544d38679f" testId="f9e0645b-2a70-f6fd-e356-1520485cc513" testName="TestKTTonTaiGiaTriIntTrue" computerName="LAPTOP-OTVHORNK" duration="00:00:00.0047646" startTime="2019-11-17T18:17:12.7020916+07:00" endTime="2019-11-17T18:17:12.7020916+07:00" testType="13cdc9d9-ddb5-4fa4-a97d-d965ccfc6d4b" outcome="Passed" testListId="8c84fa94-04c1-424b-9868-57a2d4851a1d" relativeResultsDirectory="6e43b281-80d9-40e3-ac65-7b544d38679f">
    </UnitTestResult>
  </Results>
</TestRun>