<?xml version="1.0" encoding="UTF-8"?>
<TestRun id="566aaafc-1977-48bc-94c2-bc1aad4b8e29" name="NhatMinh@LAPTOP-OTVHORNK 2019-11-17 17:03:18" runUser="LAPTOP-OTVHORNK\NhatMinh" xmlns="http://microsoft.com/schemas/VisualStudio/TeamTest/2010">
  <TestSettings name="Local" id="293b60f0-7b6a-4642-86ed-df84e909a222">
    <Description>These are default test settings for a local test run.</Description>
    <Deployment enabled="false" runDeploymentRoot="NhatMinh_LAPTOP-OTVHORNK 2019-11-17 17_03_18">
      <DeploymentItem filename="C:\Users\NhatMinh\Desktop\Cua-hang-may-anh\GiaoDien\bin\Debug\GiaoDien.exe" />
    </Deployment>
    <Execution>
      <TestTypeSpecific />
      <AgentRule name="Execution Agents">
      </AgentRule>
    </Execution>
  </TestSettings>
  <Times creation="2019-11-17T17:03:18.2319195+07:00" queuing="2019-11-17T17:03:18.3641610+07:00" start="2019-11-17T17:03:18.3811162+07:00" finish="2019-11-17T17:03:21.2358863+07:00" />
  <ResultSummary outcome="Failed">
    <Counters total="8" executed="8" passed="7" error="0" failed="1" timeout="0" aborted="0" inconclusive="0" passedButRunAborted="0" notRunnable="0" notExecuted="0" disconnected="0" warning="0" completed="0" inProgress="0" pending="0" />
  </ResultSummary>
  <TestDefinitions>
    <UnitTest name="TestOpenAccess" storage="c:\users\nhatminh\desktop\cua-hang-may-anh\testproject\bin\debug\testproject.dll" id="953a7484-decf-3733-f23c-37e9a601caeb">
      <Execution id="28195728-91a4-451c-9bf9-2fb36c2512c8" />
      <TestMethod codeBase="C:/Users/NhatMinh/Desktop/Cua-hang-may-anh/TestProject/bin/Debug/TestProject.DLL" adapterTypeName="Microsoft.VisualStudio.TestTools.TestTypes.Unit.UnitTestAdapter, Microsoft.VisualStudio.QualityTools.Tips.UnitTest.Adapter, Version=10.0.0.0, Culture=neutral, PublicKeyToken=b03f5f7f11d50a3a" className="TestProject.UnitTest1, TestProject, Version=1.0.0.0, Culture=neutral, PublicKeyToken=null" name="TestOpenAccess" />
    </UnitTest>
    <UnitTest name="TestThemQuanLyDaTonTai" storage="c:\users\nhatminh\desktop\cua-hang-may-anh\testproject\bin\debug\testproject.dll" id="e9bebd3f-90fd-9879-8748-f8874936dc49">
      <Execution id="c794927d-8b14-434a-ae75-e33cfdb633f7" />
      <TestMethod codeBase="C:/Users/NhatMinh/Desktop/Cua-hang-may-anh/TestProject/bin/Debug/TestProject.DLL" adapterTypeName="Microsoft.VisualStudio.TestTools.TestTypes.Unit.UnitTestAdapter, Microsoft.VisualStudio.QualityTools.Tips.UnitTest.Adapter, Version=10.0.0.0, Culture=neutral, PublicKeyToken=b03f5f7f11d50a3a" className="TestProject.UnitTest1, TestProject, Version=1.0.0.0, Culture=neutral, PublicKeyToken=null" name="TestThemQuanLyDaTonTai" />
    </UnitTest>
    <UnitTest name="TestThemKhachHangDaTonTai" storage="c:\users\nhatminh\desktop\cua-hang-may-anh\testproject\bin\debug\testproject.dll" id="54967f4b-acf4-7b49-f72a-893f2e8e86df">
      <Execution id="b4338cd5-8176-4fcf-aae8-d57edcac5fd9" />
      <TestMethod codeBase="C:/Users/NhatMinh/Desktop/Cua-hang-may-anh/TestProject/bin/Debug/TestProject.DLL" adapterTypeName="Microsoft.VisualStudio.TestTools.TestTypes.Unit.UnitTestAdapter, Microsoft.VisualStudio.QualityTools.Tips.UnitTest.Adapter, Version=10.0.0.0, Culture=neutral, PublicKeyToken=b03f5f7f11d50a3a" className="TestProject.UnitTest1, TestProject, Version=1.0.0.0, Culture=neutral, PublicKeyToken=null" name="TestThemKhachHangDaTonTai" />
    </UnitTest>
    <UnitTest name="TestThemKhachHang" storage="c:\users\nhatminh\desktop\cua-hang-may-anh\testproject\bin\debug\testproject.dll" id="bdc2ad0b-a17d-793d-595d-b3880bff4253">
      <Execution id="e4f1e7e7-69a2-44b1-9d22-0da77e9ac7f6" />
      <TestMethod codeBase="C:/Users/NhatMinh/Desktop/Cua-hang-may-anh/TestProject/bin/Debug/TestProject.DLL" adapterTypeName="Microsoft.VisualStudio.TestTools.TestTypes.Unit.UnitTestAdapter, Microsoft.VisualStudio.QualityTools.Tips.UnitTest.Adapter, Version=10.0.0.0, Culture=neutral, PublicKeyToken=b03f5f7f11d50a3a" className="TestProject.UnitTest1, TestProject, Version=1.0.0.0, Culture=neutral, PublicKeyToken=null" name="TestThemKhachHang" />
    </UnitTest>
    <UnitTest name="TestThemQuanLy" storage="c:\users\nhatminh\desktop\cua-hang-may-anh\testproject\bin\debug\testproject.dll" id="ecef1a11-959f-78a9-e8a3-96ecc98726f4">
      <Execution id="0b60a13f-3078-49fa-8b7f-4dd2ff4ca897" />
      <TestMethod codeBase="C:/Users/NhatMinh/Desktop/Cua-hang-may-anh/TestProject/bin/Debug/TestProject.DLL" adapterTypeName="Microsoft.VisualStudio.TestTools.TestTypes.Unit.UnitTestAdapter, Microsoft.VisualStudio.QualityTools.Tips.UnitTest.Adapter, Version=10.0.0.0, Culture=neutral, PublicKeyToken=b03f5f7f11d50a3a" className="TestProject.UnitTest1, TestProject, Version=1.0.0.0, Culture=neutral, PublicKeyToken=null" name="TestThemQuanLy" />
    </UnitTest>
    <UnitTest name="TestDataSet_LoadData" storage="c:\users\nhatminh\desktop\cua-hang-may-anh\testproject\bin\debug\testproject.dll" id="40ee7bf2-d17b-a2d1-8457-ad6e71252d06">
      <Execution id="a1be6515-ceff-4eee-aecc-5da09b2afab4" />
      <TestMethod codeBase="C:/Users/NhatMinh/Desktop/Cua-hang-may-anh/TestProject/bin/Debug/TestProject.DLL" adapterTypeName="Microsoft.VisualStudio.TestTools.TestTypes.Unit.UnitTestAdapter, Microsoft.VisualStudio.QualityTools.Tips.UnitTest.Adapter, Version=10.0.0.0, Culture=neutral, PublicKeyToken=b03f5f7f11d50a3a" className="TestProject.UnitTest1, TestProject, Version=1.0.0.0, Culture=neutral, PublicKeyToken=null" name="TestDataSet_LoadData" />
    </UnitTest>
    <UnitTest name="TestThemKhachHangRong" storage="c:\users\nhatminh\desktop\cua-hang-may-anh\testproject\bin\debug\testproject.dll" id="53b077f5-e536-beb2-270d-3722ea88bfb4">
      <Execution id="b0167711-c26e-4de5-9d9a-e055f4a414fb" />
      <TestMethod codeBase="C:/Users/NhatMinh/Desktop/Cua-hang-may-anh/TestProject/bin/Debug/TestProject.DLL" adapterTypeName="Microsoft.VisualStudio.TestTools.TestTypes.Unit.UnitTestAdapter, Microsoft.VisualStudio.QualityTools.Tips.UnitTest.Adapter, Version=10.0.0.0, Culture=neutral, PublicKeyToken=b03f5f7f11d50a3a" className="TestProject.UnitTest1, TestProject, Version=1.0.0.0, Culture=neutral, PublicKeyToken=null" name="TestThemKhachHangRong" />
    </UnitTest>
    <UnitTest name="TestCapNhatQuanLy" storage="c:\users\nhatminh\desktop\cua-hang-may-anh\testproject\bin\debug\testproject.dll" id="9173ea96-4072-4961-31d8-04a919984d14">
      <Execution id="6db0864e-0ff2-4d6e-bb40-aa123fc28b76" />
      <TestMethod codeBase="C:/Users/NhatMinh/Desktop/Cua-hang-may-anh/TestProject/bin/Debug/TestProject.DLL" adapterTypeName="Microsoft.VisualStudio.TestTools.TestTypes.Unit.UnitTestAdapter, Microsoft.VisualStudio.QualityTools.Tips.UnitTest.Adapter, Version=10.0.0.0, Culture=neutral, PublicKeyToken=b03f5f7f11d50a3a" className="TestProject.UnitTest1, TestProject, Version=1.0.0.0, Culture=neutral, PublicKeyToken=null" name="TestCapNhatQuanLy" />
    </UnitTest>
  </TestDefinitions>
  <TestLists>
    <TestList name="Results Not in a List" id="8c84fa94-04c1-424b-9868-57a2d4851a1d" />
    <TestList name="All Loaded Results" id="19431567-8539-422a-85d7-44ee4e166bda" />
  </TestLists>
  <TestEntries>
    <TestEntry testId="40ee7bf2-d17b-a2d1-8457-ad6e71252d06" executionId="a1be6515-ceff-4eee-aecc-5da09b2afab4" testListId="8c84fa94-04c1-424b-9868-57a2d4851a1d" />
    <TestEntry testId="53b077f5-e536-beb2-270d-3722ea88bfb4" executionId="b0167711-c26e-4de5-9d9a-e055f4a414fb" testListId="8c84fa94-04c1-424b-9868-57a2d4851a1d" />
    <TestEntry testId="54967f4b-acf4-7b49-f72a-893f2e8e86df" executionId="b4338cd5-8176-4fcf-aae8-d57edcac5fd9" testListId="8c84fa94-04c1-424b-9868-57a2d4851a1d" />
    <TestEntry testId="9173ea96-4072-4961-31d8-04a919984d14" executionId="6db0864e-0ff2-4d6e-bb40-aa123fc28b76" testListId="8c84fa94-04c1-424b-9868-57a2d4851a1d" />
    <TestEntry testId="953a7484-decf-3733-f23c-37e9a601caeb" executionId="28195728-91a4-451c-9bf9-2fb36c2512c8" testListId="8c84fa94-04c1-424b-9868-57a2d4851a1d" />
    <TestEntry testId="bdc2ad0b-a17d-793d-595d-b3880bff4253" executionId="e4f1e7e7-69a2-44b1-9d22-0da77e9ac7f6" testListId="8c84fa94-04c1-424b-9868-57a2d4851a1d" />
    <TestEntry testId="e9bebd3f-90fd-9879-8748-f8874936dc49" executionId="c794927d-8b14-434a-ae75-e33cfdb633f7" testListId="8c84fa94-04c1-424b-9868-57a2d4851a1d" />
    <TestEntry testId="ecef1a11-959f-78a9-e8a3-96ecc98726f4" executionId="0b60a13f-3078-49fa-8b7f-4dd2ff4ca897" testListId="8c84fa94-04c1-424b-9868-57a2d4851a1d" />
  </TestEntries>
  <Results>
    <UnitTestResult executionId="a1be6515-ceff-4eee-aecc-5da09b2afab4" testId="40ee7bf2-d17b-a2d1-8457-ad6e71252d06" testName="TestDataSet_LoadData" computerName="LAPTOP-OTVHORNK" duration="00:00:00.2420986" startTime="2019-11-17T17:03:18.3920869+07:00" endTime="2019-11-17T17:03:18.8617022+07:00" testType="13cdc9d9-ddb5-4fa4-a97d-d965ccfc6d4b" outcome="Passed" testListId="8c84fa94-04c1-424b-9868-57a2d4851a1d" relativeResultsDirectory="a1be6515-ceff-4eee-aecc-5da09b2afab4">
    </UnitTestResult>
    <UnitTestResult executionId="b0167711-c26e-4de5-9d9a-e055f4a414fb" testId="53b077f5-e536-beb2-270d-3722ea88bfb4" testName="TestThemKhachHangRong" computerName="LAPTOP-OTVHORNK" duration="00:00:00.0006265" startTime="2019-11-17T17:03:18.8772852+07:00" endTime="2019-11-17T17:03:18.8772852+07:00" testType="13cdc9d9-ddb5-4fa4-a97d-d965ccfc6d4b" outcome="Passed" testListId="8c84fa94-04c1-424b-9868-57a2d4851a1d" relativeResultsDirectory="b0167711-c26e-4de5-9d9a-e055f4a414fb">
    </UnitTestResult>
    <UnitTestResult executionId="b4338cd5-8176-4fcf-aae8-d57edcac5fd9" testId="54967f4b-acf4-7b49-f72a-893f2e8e86df" testName="TestThemKhachHangDaTonTai" computerName="LAPTOP-OTVHORNK" duration="00:00:00.0485757" startTime="2019-11-17T17:03:18.8772852+07:00" endTime="2019-11-17T17:03:18.9397968+07:00" testType="13cdc9d9-ddb5-4fa4-a97d-d965ccfc6d4b" outcome="Passed" testListId="8c84fa94-04c1-424b-9868-57a2d4851a1d" relativeResultsDirectory="b4338cd5-8176-4fcf-aae8-d57edcac5fd9">
    </UnitTestResult>
    <UnitTestResult executionId="6db0864e-0ff2-4d6e-bb40-aa123fc28b76" testId="9173ea96-4072-4961-31d8-04a919984d14" testName="TestCapNhatQuanLy" computerName="LAPTOP-OTVHORNK" duration="00:00:00.0197188" startTime="2019-11-17T17:03:18.9397968+07:00" endTime="2019-11-17T17:03:18.9554306+07:00" testType="13cdc9d9-ddb5-4fa4-a97d-d965ccfc6d4b" outcome="Failed" testListId="8c84fa94-04c1-424b-9868-57a2d4851a1d" relativeResultsDirectory="6db0864e-0ff2-4d6e-bb40-aa123fc28b76">
      <Output>
        <ErrorInfo>
          <Message>Assert.IsTrue failed. </Message>
          <StackTrace>   at TestProject.UnitTest1.TestCapNhatQuanLy() in C:\Users\NhatMinh\Desktop\Cua-hang-may-anh\TestProject\UnitTest1.cs:line 92
</StackTrace>
        </ErrorInfo>
      </Output>
    </UnitTestResult>
    <UnitTestResult executionId="28195728-91a4-451c-9bf9-2fb36c2512c8" testId="953a7484-decf-3733-f23c-37e9a601caeb" testName="TestOpenAccess" computerName="LAPTOP-OTVHORNK" duration="00:00:00.0035830" startTime="2019-11-17T17:03:18.9710132+07:00" endTime="2019-11-17T17:03:18.9710132+07:00" testType="13cdc9d9-ddb5-4fa4-a97d-d965ccfc6d4b" outcome="Passed" testListId="8c84fa94-04c1-424b-9868-57a2d4851a1d" relativeResultsDirectory="28195728-91a4-451c-9bf9-2fb36c2512c8">
    </UnitTestResult>
    <UnitTestResult executionId="e4f1e7e7-69a2-44b1-9d22-0da77e9ac7f6" testId="bdc2ad0b-a17d-793d-595d-b3880bff4253" testName="TestThemKhachHang" computerName="LAPTOP-OTVHORNK" duration="00:00:00.0144793" startTime="2019-11-17T17:03:18.9710132+07:00" endTime="2019-11-17T17:03:19.0022554+07:00" testType="13cdc9d9-ddb5-4fa4-a97d-d965ccfc6d4b" outcome="Passed" testListId="8c84fa94-04c1-424b-9868-57a2d4851a1d" relativeResultsDirectory="e4f1e7e7-69a2-44b1-9d22-0da77e9ac7f6">
    </UnitTestResult>
    <UnitTestResult executionId="c794927d-8b14-434a-ae75-e33cfdb633f7" testId="e9bebd3f-90fd-9879-8748-f8874936dc49" testName="TestThemQuanLyDaTonTai" computerName="LAPTOP-OTVHORNK" duration="00:00:01.2093914" startTime="2019-11-17T17:03:19.0022554+07:00" endTime="2019-11-17T17:03:20.2222086+07:00" testType="13cdc9d9-ddb5-4fa4-a97d-d965ccfc6d4b" outcome="Passed" testListId="8c84fa94-04c1-424b-9868-57a2d4851a1d" relativeResultsDirectory="c794927d-8b14-434a-ae75-e33cfdb633f7">
    </UnitTestResult>
    <UnitTestResult executionId="0b60a13f-3078-49fa-8b7f-4dd2ff4ca897" testId="ecef1a11-959f-78a9-e8a3-96ecc98726f4" testName="TestThemQuanLy" computerName="LAPTOP-OTVHORNK" duration="00:00:00.9356030" startTime="2019-11-17T17:03:20.2222086+07:00" endTime="2019-11-17T17:03:21.1737503+07:00" testType="13cdc9d9-ddb5-4fa4-a97d-d965ccfc6d4b" outcome="Passed" testListId="8c84fa94-04c1-424b-9868-57a2d4851a1d" relativeResultsDirectory="0b60a13f-3078-49fa-8b7f-4dd2ff4ca897">
    </UnitTestResult>
  </Results>
</TestRun>