<?xml version="1.0" encoding="UTF-8"?>
<TestRun id="2a2ed26e-ea27-440e-8814-070356509984" name="NhatMinh@LAPTOP-OTVHORNK 2019-11-17 17:28:11" runUser="LAPTOP-OTVHORNK\NhatMinh" xmlns="http://microsoft.com/schemas/VisualStudio/TeamTest/2010">
  <TestSettings name="Local" id="293b60f0-7b6a-4642-86ed-df84e909a222">
    <Description>These are default test settings for a local test run.</Description>
    <Deployment enabled="false" runDeploymentRoot="NhatMinh_LAPTOP-OTVHORNK 2019-11-17 17_28_11">
      <DeploymentItem filename="C:\Users\NhatMinh\Desktop\Cua-hang-may-anh\GiaoDien\bin\Debug\GiaoDien.exe" />
    </Deployment>
    <Execution>
      <TestTypeSpecific />
      <AgentRule name="Execution Agents">
      </AgentRule>
    </Execution>
  </TestSettings>
  <Times creation="2019-11-17T17:28:11.0906672+07:00" queuing="2019-11-17T17:28:11.2328984+07:00" start="2019-11-17T17:28:11.2508500+07:00" finish="2019-11-17T17:28:14.2864037+07:00" />
  <ResultSummary outcome="Failed">
    <Counters total="3" executed="3" passed="2" error="0" failed="1" timeout="0" aborted="0" inconclusive="0" passedButRunAborted="0" notRunnable="0" notExecuted="0" disconnected="0" warning="0" completed="0" inProgress="0" pending="0" />
  </ResultSummary>
  <TestDefinitions>
    <UnitTest name="TestThemSanPhamDaTonTai" storage="c:\users\nhatminh\desktop\cua-hang-may-anh\testproject\bin\debug\testproject.dll" id="b9457e69-0aaa-482e-3901-020f2ada3b6f">
      <Execution id="26ac9cd7-1bb0-4775-a4c9-38e0d3080e59" />
      <TestMethod codeBase="C:/Users/NhatMinh/Desktop/Cua-hang-may-anh/TestProject/bin/Debug/TestProject.DLL" adapterTypeName="Microsoft.VisualStudio.TestTools.TestTypes.Unit.UnitTestAdapter, Microsoft.VisualStudio.QualityTools.Tips.UnitTest.Adapter, Version=10.0.0.0, Culture=neutral, PublicKeyToken=b03f5f7f11d50a3a" className="TestProject.UnitTest1, TestProject, Version=1.0.0.0, Culture=neutral, PublicKeyToken=null" name="TestThemSanPhamDaTonTai" />
    </UnitTest>
    <UnitTest name="TestThemSanPham" storage="c:\users\nhatminh\desktop\cua-hang-may-anh\testproject\bin\debug\testproject.dll" id="bcd29df2-8813-69e1-a74b-3cc4a2127297">
      <Execution id="a39735da-a04c-434c-beb9-cd9969965e45" />
      <TestMethod codeBase="C:/Users/NhatMinh/Desktop/Cua-hang-may-anh/TestProject/bin/Debug/TestProject.DLL" adapterTypeName="Microsoft.VisualStudio.TestTools.TestTypes.Unit.UnitTestAdapter, Microsoft.VisualStudio.QualityTools.Tips.UnitTest.Adapter, Version=10.0.0.0, Culture=neutral, PublicKeyToken=b03f5f7f11d50a3a" className="TestProject.UnitTest1, TestProject, Version=1.0.0.0, Culture=neutral, PublicKeyToken=null" name="TestThemSanPham" />
    </UnitTest>
    <UnitTest name="TestThemSanPhamThieuThongTin" storage="c:\users\nhatminh\desktop\cua-hang-may-anh\testproject\bin\debug\testproject.dll" id="503e6487-cc97-7bc0-2fe7-1afd080cae9a">
      <Execution id="518c161b-b2b2-447d-bc34-d2cadbc38265" />
      <TestMethod codeBase="C:/Users/NhatMinh/Desktop/Cua-hang-may-anh/TestProject/bin/Debug/TestProject.DLL" adapterTypeName="Microsoft.VisualStudio.TestTools.TestTypes.Unit.UnitTestAdapter, Microsoft.VisualStudio.QualityTools.Tips.UnitTest.Adapter, Version=10.0.0.0, Culture=neutral, PublicKeyToken=b03f5f7f11d50a3a" className="TestProject.UnitTest1, TestProject, Version=1.0.0.0, Culture=neutral, PublicKeyToken=null" name="TestThemSanPhamThieuThongTin" />
    </UnitTest>
  </TestDefinitions>
  <TestLists>
    <TestList name="Results Not in a List" id="8c84fa94-04c1-424b-9868-57a2d4851a1d" />
    <TestList name="All Loaded Results" id="19431567-8539-422a-85d7-44ee4e166bda" />
  </TestLists>
  <TestEntries>
    <TestEntry testId="503e6487-cc97-7bc0-2fe7-1afd080cae9a" executionId="518c161b-b2b2-447d-bc34-d2cadbc38265" testListId="8c84fa94-04c1-424b-9868-57a2d4851a1d" />
    <TestEntry testId="b9457e69-0aaa-482e-3901-020f2ada3b6f" executionId="26ac9cd7-1bb0-4775-a4c9-38e0d3080e59" testListId="8c84fa94-04c1-424b-9868-57a2d4851a1d" />
    <TestEntry testId="bcd29df2-8813-69e1-a74b-3cc4a2127297" executionId="a39735da-a04c-434c-beb9-cd9969965e45" testListId="8c84fa94-04c1-424b-9868-57a2d4851a1d" />
  </TestEntries>
  <Results>
    <UnitTestResult executionId="518c161b-b2b2-447d-bc34-d2cadbc38265" testId="503e6487-cc97-7bc0-2fe7-1afd080cae9a" testName="TestThemSanPhamThieuThongTin" computerName="LAPTOP-OTVHORNK" duration="00:00:01.1786107" startTime="2019-11-17T17:28:11.2618215+07:00" endTime="2019-11-17T17:28:12.6616537+07:00" testType="13cdc9d9-ddb5-4fa4-a97d-d965ccfc6d4b" outcome="Passed" testListId="8c84fa94-04c1-424b-9868-57a2d4851a1d" relativeResultsDirectory="518c161b-b2b2-447d-bc34-d2cadbc38265">
    </UnitTestResult>
    <UnitTestResult executionId="26ac9cd7-1bb0-4775-a4c9-38e0d3080e59" testId="b9457e69-0aaa-482e-3901-020f2ada3b6f" testName="TestThemSanPhamDaTonTai" computerName="LAPTOP-OTVHORNK" duration="00:00:00.6032515" startTime="2019-11-17T17:28:12.6696028+07:00" endTime="2019-11-17T17:28:13.2761517+07:00" testType="13cdc9d9-ddb5-4fa4-a97d-d965ccfc6d4b" outcome="Failed" testListId="8c84fa94-04c1-424b-9868-57a2d4851a1d" relativeResultsDirectory="26ac9cd7-1bb0-4775-a4c9-38e0d3080e59">
      <Output>
        <ErrorInfo>
          <Message>Assert.IsFalse failed. </Message>
          <StackTrace>   at TestProject.UnitTest1.TestThemSanPhamDaTonTai() in C:\Users\NhatMinh\Desktop\Cua-hang-may-anh\TestProject\UnitTest1.cs:line 113
</StackTrace>
        </ErrorInfo>
      </Output>
    </UnitTestResult>
    <UnitTestResult executionId="a39735da-a04c-434c-beb9-cd9969965e45" testId="bcd29df2-8813-69e1-a74b-3cc4a2127297" testName="TestThemSanPham" computerName="LAPTOP-OTVHORNK" duration="00:00:00.9367966" startTime="2019-11-17T17:28:13.2821352+07:00" endTime="2019-11-17T17:28:14.2225766+07:00" testType="13cdc9d9-ddb5-4fa4-a97d-d965ccfc6d4b" outcome="Passed" testListId="8c84fa94-04c1-424b-9868-57a2d4851a1d" relativeResultsDirectory="a39735da-a04c-434c-beb9-cd9969965e45">
    </UnitTestResult>
  </Results>
</TestRun>