<?xml version="1.0" encoding="UTF-8"?>
<TestRun id="12499ea6-1073-44d3-b285-1c6ab38c41c0" name="NhatMinh@LAPTOP-OTVHORNK 2019-11-17 17:15:18" runUser="LAPTOP-OTVHORNK\NhatMinh" xmlns="http://microsoft.com/schemas/VisualStudio/TeamTest/2010">
  <TestSettings name="Local" id="293b60f0-7b6a-4642-86ed-df84e909a222">
    <Description>These are default test settings for a local test run.</Description>
    <Deployment enabled="false" runDeploymentRoot="NhatMinh_LAPTOP-OTVHORNK 2019-11-17 17_15_18">
      <DeploymentItem filename="C:\Users\NhatMinh\Desktop\Cua-hang-may-anh\GiaoDien\bin\Debug\GiaoDien.exe" />
    </Deployment>
    <Execution>
      <TestTypeSpecific />
      <AgentRule name="Execution Agents">
      </AgentRule>
    </Execution>
  </TestSettings>
  <Times creation="2019-11-17T17:15:18.7438873+07:00" queuing="2019-11-17T17:15:18.8986327+07:00" start="2019-11-17T17:15:18.9335670+07:00" finish="2019-11-17T17:15:21.4841742+07:00" />
  <ResultSummary outcome="Completed">
    <Counters total="1" executed="1" passed="1" error="0" failed="0" timeout="0" aborted="0" inconclusive="0" passedButRunAborted="0" notRunnable="0" notExecuted="0" disconnected="0" warning="0" completed="0" inProgress="0" pending="0" />
  </ResultSummary>
  <TestDefinitions>
    <UnitTest name="TestThemSanPhamTrong" storage="c:\users\nhatminh\desktop\cua-hang-may-anh\testproject\bin\debug\testproject.dll" id="467aa92d-92f9-13f1-003f-d64dec9f1764">
      <Execution id="397c7a7d-a722-44b4-88ca-b335d418cb71" />
      <TestMethod codeBase="C:/Users/NhatMinh/Desktop/Cua-hang-may-anh/TestProject/bin/Debug/TestProject.DLL" adapterTypeName="Microsoft.VisualStudio.TestTools.TestTypes.Unit.UnitTestAdapter, Microsoft.VisualStudio.QualityTools.Tips.UnitTest.Adapter, Version=10.0.0.0, Culture=neutral, PublicKeyToken=b03f5f7f11d50a3a" className="TestProject.UnitTest1, TestProject, Version=1.0.0.0, Culture=neutral, PublicKeyToken=null" name="TestThemSanPhamTrong" />
    </UnitTest>
  </TestDefinitions>
  <TestLists>
    <TestList name="Results Not in a List" id="8c84fa94-04c1-424b-9868-57a2d4851a1d" />
    <TestList name="All Loaded Results" id="19431567-8539-422a-85d7-44ee4e166bda" />
  </TestLists>
  <TestEntries>
    <TestEntry testId="467aa92d-92f9-13f1-003f-d64dec9f1764" executionId="397c7a7d-a722-44b4-88ca-b335d418cb71" testListId="8c84fa94-04c1-424b-9868-57a2d4851a1d" />
  </TestEntries>
  <Results>
    <UnitTestResult executionId="397c7a7d-a722-44b4-88ca-b335d418cb71" testId="467aa92d-92f9-13f1-003f-d64dec9f1764" testName="TestThemSanPhamTrong" computerName="LAPTOP-OTVHORNK" duration="00:00:02.2660462" startTime="2019-11-17T17:15:18.9435438+07:00" endTime="2019-11-17T17:15:21.4370590+07:00" testType="13cdc9d9-ddb5-4fa4-a97d-d965ccfc6d4b" outcome="Passed" testListId="8c84fa94-04c1-424b-9868-57a2d4851a1d" relativeResultsDirectory="397c7a7d-a722-44b4-88ca-b335d418cb71">
    </UnitTestResult>
  </Results>
</TestRun>