<?xml version="1.0" encoding="UTF-8"?>
<TestRun id="1af35a3e-d1c3-4550-addc-3fca3f83644b" name="NhatMinh@LAPTOP-OTVHORNK 2019-11-17 17:29:59" runUser="LAPTOP-OTVHORNK\NhatMinh" xmlns="http://microsoft.com/schemas/VisualStudio/TeamTest/2010">
  <TestSettings name="Local" id="293b60f0-7b6a-4642-86ed-df84e909a222">
    <Description>These are default test settings for a local test run.</Description>
    <Deployment enabled="false" runDeploymentRoot="NhatMinh_LAPTOP-OTVHORNK 2019-11-17 17_29_59">
      <DeploymentItem filename="C:\Users\NhatMinh\Desktop\Cua-hang-may-anh\GiaoDien\bin\Debug\GiaoDien.exe" />
    </Deployment>
    <Execution>
      <TestTypeSpecific />
      <AgentRule name="Execution Agents">
      </AgentRule>
    </Execution>
  </TestSettings>
  <Times creation="2019-11-17T17:29:59.4022589+07:00" queuing="2019-11-17T17:30:00.4347737+07:00" start="2019-11-17T17:30:00.5005965+07:00" finish="2019-11-17T17:30:02.6725106+07:00" />
  <ResultSummary outcome="Error">
    <Counters total="3" executed="1" error="0" failed="0" timeout="0" aborted="1" inconclusive="0" passedButRunAborted="0" notRunnable="0" notExecuted="2" disconnected="0" warning="0" passed="0" completed="0" inProgress="0" pending="0" />
    <RunInfos>
      <RunInfo computerName="LAPTOP-OTVHORNK" outcome="Error" timestamp="2019-11-17T17:30:02.6715514+07:00">
        <Text>Test host process exited unexpectedly.</Text>
      </RunInfo>
    </RunInfos>
  </ResultSummary>
  <TestDefinitions>
    <UnitTest name="TestThemSanPhamDaTonTai" storage="c:\users\nhatminh\desktop\cua-hang-may-anh\testproject\bin\debug\testproject.dll" id="b9457e69-0aaa-482e-3901-020f2ada3b6f">
      <Execution id="d2223de3-a703-4d86-b6d9-385eae6e549a" />
      <TestMethod codeBase="C:/Users/NhatMinh/Desktop/Cua-hang-may-anh/TestProject/bin/Debug/TestProject.DLL" adapterTypeName="Microsoft.VisualStudio.TestTools.TestTypes.Unit.UnitTestAdapter, Microsoft.VisualStudio.QualityTools.Tips.UnitTest.Adapter, Version=10.0.0.0, Culture=neutral, PublicKeyToken=b03f5f7f11d50a3a" className="TestProject.UnitTest1, TestProject, Version=1.0.0.0, Culture=neutral, PublicKeyToken=null" name="TestThemSanPhamDaTonTai" />
    </UnitTest>
    <UnitTest name="TestThemSanPham" storage="c:\users\nhatminh\desktop\cua-hang-may-anh\testproject\bin\debug\testproject.dll" id="bcd29df2-8813-69e1-a74b-3cc4a2127297">
      <Execution id="279400cb-a093-434b-bb55-4870be45af30" />
      <TestMethod codeBase="C:/Users/NhatMinh/Desktop/Cua-hang-may-anh/TestProject/bin/Debug/TestProject.DLL" adapterTypeName="Microsoft.VisualStudio.TestTools.TestTypes.Unit.UnitTestAdapter, Microsoft.VisualStudio.QualityTools.Tips.UnitTest.Adapter, Version=10.0.0.0, Culture=neutral, PublicKeyToken=b03f5f7f11d50a3a" className="TestProject.UnitTest1, TestProject, Version=1.0.0.0, Culture=neutral, PublicKeyToken=null" name="TestThemSanPham" />
    </UnitTest>
    <UnitTest name="TestThemSanPhamThieuThongTin" storage="c:\users\nhatminh\desktop\cua-hang-may-anh\testproject\bin\debug\testproject.dll" id="503e6487-cc97-7bc0-2fe7-1afd080cae9a">
      <Execution id="1db57da9-caab-40e6-b7c1-58778661ebcb" />
      <TestMethod codeBase="C:/Users/NhatMinh/Desktop/Cua-hang-may-anh/TestProject/bin/Debug/TestProject.DLL" adapterTypeName="Microsoft.VisualStudio.TestTools.TestTypes.Unit.UnitTestAdapter, Microsoft.VisualStudio.QualityTools.Tips.UnitTest.Adapter, Version=10.0.0.0, Culture=neutral, PublicKeyToken=b03f5f7f11d50a3a" className="TestProject.UnitTest1, TestProject, Version=1.0.0.0, Culture=neutral, PublicKeyToken=null" name="TestThemSanPhamThieuThongTin" />
    </UnitTest>
  </TestDefinitions>
  <TestLists>
    <TestList name="Results Not in a List" id="8c84fa94-04c1-424b-9868-57a2d4851a1d" />
    <TestList name="All Loaded Results" id="19431567-8539-422a-85d7-44ee4e166bda" />
  </TestLists>
  <TestEntries>
    <TestEntry testId="503e6487-cc97-7bc0-2fe7-1afd080cae9a" executionId="1db57da9-caab-40e6-b7c1-58778661ebcb" testListId="8c84fa94-04c1-424b-9868-57a2d4851a1d" />
    <TestEntry testId="b9457e69-0aaa-482e-3901-020f2ada3b6f" executionId="d2223de3-a703-4d86-b6d9-385eae6e549a" testListId="8c84fa94-04c1-424b-9868-57a2d4851a1d" />
    <TestEntry testId="bcd29df2-8813-69e1-a74b-3cc4a2127297" executionId="279400cb-a093-434b-bb55-4870be45af30" testListId="8c84fa94-04c1-424b-9868-57a2d4851a1d" />
  </TestEntries>
  <Results>
    <UnitTestResult executionId="1db57da9-caab-40e6-b7c1-58778661ebcb" testId="503e6487-cc97-7bc0-2fe7-1afd080cae9a" testName="TestThemSanPhamThieuThongTin" computerName="LAPTOP-OTVHORNK" duration="00:00:02.1032800" startTime="2019-11-17T17:30:00.5692306+07:00" endTime="2019-11-17T17:30:02.6725106+07:00" testType="13cdc9d9-ddb5-4fa4-a97d-d965ccfc6d4b" outcome="Aborted" testListId="8c84fa94-04c1-424b-9868-57a2d4851a1d" relativeResultsDirectory="1db57da9-caab-40e6-b7c1-58778661ebcb">
    </UnitTestResult>
    <UnitTestResult executionId="d2223de3-a703-4d86-b6d9-385eae6e549a" testId="b9457e69-0aaa-482e-3901-020f2ada3b6f" testName="TestThemSanPhamDaTonTai" computerName="LAPTOP-OTVHORNK" testType="13cdc9d9-ddb5-4fa4-a97d-d965ccfc6d4b" outcome="NotExecuted" testListId="8c84fa94-04c1-424b-9868-57a2d4851a1d" relativeResultsDirectory="d2223de3-a703-4d86-b6d9-385eae6e549a">
    </UnitTestResult>
    <UnitTestResult executionId="279400cb-a093-434b-bb55-4870be45af30" testId="bcd29df2-8813-69e1-a74b-3cc4a2127297" testName="TestThemSanPham" computerName="LAPTOP-OTVHORNK" testType="13cdc9d9-ddb5-4fa4-a97d-d965ccfc6d4b" outcome="NotExecuted" testListId="8c84fa94-04c1-424b-9868-57a2d4851a1d" relativeResultsDirectory="279400cb-a093-434b-bb55-4870be45af30">
    </UnitTestResult>
  </Results>
</TestRun>