<?xml version="1.0" encoding="UTF-8"?>
<TestRun id="60c52c73-2219-4094-ad39-318234622d33" name="NhatMinh@LAPTOP-OTVHORNK 2019-11-17 16:46:21" runUser="LAPTOP-OTVHORNK\NhatMinh" xmlns="http://microsoft.com/schemas/VisualStudio/TeamTest/2010">
  <TestSettings name="Local" id="293b60f0-7b6a-4642-86ed-df84e909a222">
    <Description>These are default test settings for a local test run.</Description>
    <Deployment enabled="false" runDeploymentRoot="NhatMinh_LAPTOP-OTVHORNK 2019-11-17 16_46_21">
      <DeploymentItem filename="C:\Users\NhatMinh\Desktop\Cua-hang-may-anh\GiaoDien\bin\Debug\GiaoDien.exe" />
    </Deployment>
    <Execution>
      <TestTypeSpecific />
      <AgentRule name="Execution Agents">
      </AgentRule>
    </Execution>
  </TestSettings>
  <Times creation="2019-11-17T16:46:21.9690138+07:00" queuing="2019-11-17T16:46:23.1718546+07:00" start="2019-11-17T16:46:23.2187187+07:00" finish="2019-11-17T16:46:54.3363856+07:00" />
  <ResultSummary outcome="Error">
    <Counters total="4" executed="4" passed="3" error="0" failed="0" timeout="0" aborted="1" inconclusive="0" passedButRunAborted="0" notRunnable="0" notExecuted="0" disconnected="0" warning="0" completed="0" inProgress="0" pending="0" />
    <RunInfos>
      <RunInfo computerName="LAPTOP-OTVHORNK" outcome="Error" timestamp="2019-11-17T16:46:54.3363856+07:00">
        <Text>Test host process exited unexpectedly.</Text>
      </RunInfo>
    </RunInfos>
  </ResultSummary>
  <TestDefinitions>
    <UnitTest name="TestThemKhachHangDaTonTai" storage="c:\users\nhatminh\desktop\cua-hang-may-anh\testproject\bin\debug\testproject.dll" id="54967f4b-acf4-7b49-f72a-893f2e8e86df">
      <Execution id="ba0a9271-2dde-4a7e-b903-6e82253f6a98" />
      <TestMethod codeBase="C:/Users/NhatMinh/Desktop/Cua-hang-may-anh/TestProject/bin/Debug/TestProject.DLL" adapterTypeName="Microsoft.VisualStudio.TestTools.TestTypes.Unit.UnitTestAdapter, Microsoft.VisualStudio.QualityTools.Tips.UnitTest.Adapter, Version=10.0.0.0, Culture=neutral, PublicKeyToken=b03f5f7f11d50a3a" className="TestProject.UnitTest1, TestProject, Version=1.0.0.0, Culture=neutral, PublicKeyToken=null" name="TestThemKhachHangDaTonTai" />
    </UnitTest>
    <UnitTest name="TestDataSet_LoadData" storage="c:\users\nhatminh\desktop\cua-hang-may-anh\testproject\bin\debug\testproject.dll" id="40ee7bf2-d17b-a2d1-8457-ad6e71252d06">
      <Execution id="9e62e21c-823b-47f3-91e0-d004b07dcd90" />
      <TestMethod codeBase="C:/Users/NhatMinh/Desktop/Cua-hang-may-anh/TestProject/bin/Debug/TestProject.DLL" adapterTypeName="Microsoft.VisualStudio.TestTools.TestTypes.Unit.UnitTestAdapter, Microsoft.VisualStudio.QualityTools.Tips.UnitTest.Adapter, Version=10.0.0.0, Culture=neutral, PublicKeyToken=b03f5f7f11d50a3a" className="TestProject.UnitTest1, TestProject, Version=1.0.0.0, Culture=neutral, PublicKeyToken=null" name="TestDataSet_LoadData" />
    </UnitTest>
    <UnitTest name="TestOpenAccess" storage="c:\users\nhatminh\desktop\cua-hang-may-anh\testproject\bin\debug\testproject.dll" id="953a7484-decf-3733-f23c-37e9a601caeb">
      <Execution id="b9961660-ca64-4c34-8daa-e6e3c0f1cd1d" />
      <TestMethod codeBase="C:/Users/NhatMinh/Desktop/Cua-hang-may-anh/TestProject/bin/Debug/TestProject.DLL" adapterTypeName="Microsoft.VisualStudio.TestTools.TestTypes.Unit.UnitTestAdapter, Microsoft.VisualStudio.QualityTools.Tips.UnitTest.Adapter, Version=10.0.0.0, Culture=neutral, PublicKeyToken=b03f5f7f11d50a3a" className="TestProject.UnitTest1, TestProject, Version=1.0.0.0, Culture=neutral, PublicKeyToken=null" name="TestOpenAccess" />
    </UnitTest>
    <UnitTest name="TestThemKhachHangRong" storage="c:\users\nhatminh\desktop\cua-hang-may-anh\testproject\bin\debug\testproject.dll" id="53b077f5-e536-beb2-270d-3722ea88bfb4">
      <Execution id="310850c4-e0bc-4e79-9d06-0556c0974d33" />
      <TestMethod codeBase="C:/Users/NhatMinh/Desktop/Cua-hang-may-anh/TestProject/bin/Debug/TestProject.DLL" adapterTypeName="Microsoft.VisualStudio.TestTools.TestTypes.Unit.UnitTestAdapter, Microsoft.VisualStudio.QualityTools.Tips.UnitTest.Adapter, Version=10.0.0.0, Culture=neutral, PublicKeyToken=b03f5f7f11d50a3a" className="TestProject.UnitTest1, TestProject, Version=1.0.0.0, Culture=neutral, PublicKeyToken=null" name="TestThemKhachHangRong" />
    </UnitTest>
  </TestDefinitions>
  <TestLists>
    <TestList name="Results Not in a List" id="8c84fa94-04c1-424b-9868-57a2d4851a1d" />
    <TestList name="All Loaded Results" id="19431567-8539-422a-85d7-44ee4e166bda" />
  </TestLists>
  <TestEntries>
    <TestEntry testId="953a7484-decf-3733-f23c-37e9a601caeb" executionId="b9961660-ca64-4c34-8daa-e6e3c0f1cd1d" testListId="8c84fa94-04c1-424b-9868-57a2d4851a1d" />
    <TestEntry testId="40ee7bf2-d17b-a2d1-8457-ad6e71252d06" executionId="9e62e21c-823b-47f3-91e0-d004b07dcd90" testListId="8c84fa94-04c1-424b-9868-57a2d4851a1d" />
    <TestEntry testId="53b077f5-e536-beb2-270d-3722ea88bfb4" executionId="310850c4-e0bc-4e79-9d06-0556c0974d33" testListId="8c84fa94-04c1-424b-9868-57a2d4851a1d" />
    <TestEntry testId="54967f4b-acf4-7b49-f72a-893f2e8e86df" executionId="ba0a9271-2dde-4a7e-b903-6e82253f6a98" testListId="8c84fa94-04c1-424b-9868-57a2d4851a1d" />
  </TestEntries>
  <Results>
    <UnitTestResult executionId="b9961660-ca64-4c34-8daa-e6e3c0f1cd1d" testId="953a7484-decf-3733-f23c-37e9a601caeb" testName="TestOpenAccess" computerName="LAPTOP-OTVHORNK" duration="00:00:00.1480557" startTime="2019-11-17T16:46:23.2655820+07:00" endTime="2019-11-17T16:46:23.8912075+07:00" testType="13cdc9d9-ddb5-4fa4-a97d-d965ccfc6d4b" outcome="Passed" testListId="8c84fa94-04c1-424b-9868-57a2d4851a1d" relativeResultsDirectory="b9961660-ca64-4c34-8daa-e6e3c0f1cd1d">
    </UnitTestResult>
    <UnitTestResult executionId="9e62e21c-823b-47f3-91e0-d004b07dcd90" testId="40ee7bf2-d17b-a2d1-8457-ad6e71252d06" testName="TestDataSet_LoadData" computerName="LAPTOP-OTVHORNK" duration="00:00:00.0722215" startTime="2019-11-17T16:46:23.9031761+07:00" endTime="2019-11-17T16:46:23.9829627+07:00" testType="13cdc9d9-ddb5-4fa4-a97d-d965ccfc6d4b" outcome="Passed" testListId="8c84fa94-04c1-424b-9868-57a2d4851a1d" relativeResultsDirectory="9e62e21c-823b-47f3-91e0-d004b07dcd90">
    </UnitTestResult>
    <UnitTestResult executionId="310850c4-e0bc-4e79-9d06-0556c0974d33" testId="53b077f5-e536-beb2-270d-3722ea88bfb4" testName="TestThemKhachHangRong" computerName="LAPTOP-OTVHORNK" duration="00:00:00.0007742" startTime="2019-11-17T16:46:23.9929365+07:00" endTime="2019-11-17T16:46:24.0019396+07:00" testType="13cdc9d9-ddb5-4fa4-a97d-d965ccfc6d4b" outcome="Passed" testListId="8c84fa94-04c1-424b-9868-57a2d4851a1d" relativeResultsDirectory="310850c4-e0bc-4e79-9d06-0556c0974d33">
    </UnitTestResult>
    <UnitTestResult executionId="ba0a9271-2dde-4a7e-b903-6e82253f6a98" testId="54967f4b-acf4-7b49-f72a-893f2e8e86df" testName="TestThemKhachHangDaTonTai" computerName="LAPTOP-OTVHORNK" duration="00:00:30.3244984" startTime="2019-11-17T16:46:24.0118872+07:00" endTime="2019-11-17T16:46:54.3363856+07:00" testType="13cdc9d9-ddb5-4fa4-a97d-d965ccfc6d4b" outcome="Aborted" testListId="8c84fa94-04c1-424b-9868-57a2d4851a1d" relativeResultsDirectory="ba0a9271-2dde-4a7e-b903-6e82253f6a98">
    </UnitTestResult>
  </Results>
</TestRun>