<?xml version="1.0" encoding="UTF-8"?>
<TestRun id="eedabe84-a2cf-48f5-bb3b-69885fcf9a21" name="NhatMinh@LAPTOP-OTVHORNK 2019-11-17 17:27:22" runUser="LAPTOP-OTVHORNK\NhatMinh" xmlns="http://microsoft.com/schemas/VisualStudio/TeamTest/2010">
  <TestSettings name="Local" id="293b60f0-7b6a-4642-86ed-df84e909a222">
    <Description>These are default test settings for a local test run.</Description>
    <Deployment enabled="false" runDeploymentRoot="NhatMinh_LAPTOP-OTVHORNK 2019-11-17 17_27_22">
      <DeploymentItem filename="C:\Users\NhatMinh\Desktop\Cua-hang-may-anh\GiaoDien\bin\Debug\GiaoDien.exe" />
    </Deployment>
    <Execution>
      <TestTypeSpecific />
      <AgentRule name="Execution Agents">
      </AgentRule>
    </Execution>
  </TestSettings>
  <Times creation="2019-11-17T17:27:22.8571013+07:00" queuing="2019-11-17T17:27:23.9396337+07:00" start="2019-11-17T17:27:24.0293937+07:00" finish="2019-11-17T17:28:02.6249308+07:00" />
  <ResultSummary outcome="Error">
    <Counters total="3" executed="2" passed="1" error="0" failed="0" timeout="0" aborted="1" inconclusive="0" passedButRunAborted="0" notRunnable="0" notExecuted="1" disconnected="0" warning="0" completed="0" inProgress="0" pending="0" />
    <RunInfos>
      <RunInfo computerName="LAPTOP-OTVHORNK" outcome="Error" timestamp="2019-11-17T17:28:02.6239435+07:00">
        <Text>Test host process exited unexpectedly.</Text>
      </RunInfo>
    </RunInfos>
  </ResultSummary>
  <TestDefinitions>
    <UnitTest name="TestThemSanPhamDaTonTai" storage="c:\users\nhatminh\desktop\cua-hang-may-anh\testproject\bin\debug\testproject.dll" id="b9457e69-0aaa-482e-3901-020f2ada3b6f">
      <Execution id="c252392f-fb29-431c-9c2b-f8f2db6d8d78" />
      <TestMethod codeBase="C:/Users/NhatMinh/Desktop/Cua-hang-may-anh/TestProject/bin/Debug/TestProject.DLL" adapterTypeName="Microsoft.VisualStudio.TestTools.TestTypes.Unit.UnitTestAdapter, Microsoft.VisualStudio.QualityTools.Tips.UnitTest.Adapter, Version=10.0.0.0, Culture=neutral, PublicKeyToken=b03f5f7f11d50a3a" className="TestProject.UnitTest1, TestProject, Version=1.0.0.0, Culture=neutral, PublicKeyToken=null" name="TestThemSanPhamDaTonTai" />
    </UnitTest>
    <UnitTest name="TestThemSanPham" storage="c:\users\nhatminh\desktop\cua-hang-may-anh\testproject\bin\debug\testproject.dll" id="bcd29df2-8813-69e1-a74b-3cc4a2127297">
      <Execution id="3d13d186-b001-4d26-9dde-156ddd8585e6" />
      <TestMethod codeBase="C:/Users/NhatMinh/Desktop/Cua-hang-may-anh/TestProject/bin/Debug/TestProject.DLL" adapterTypeName="Microsoft.VisualStudio.TestTools.TestTypes.Unit.UnitTestAdapter, Microsoft.VisualStudio.QualityTools.Tips.UnitTest.Adapter, Version=10.0.0.0, Culture=neutral, PublicKeyToken=b03f5f7f11d50a3a" className="TestProject.UnitTest1, TestProject, Version=1.0.0.0, Culture=neutral, PublicKeyToken=null" name="TestThemSanPham" />
    </UnitTest>
    <UnitTest name="TestThemSanPhamThieuThongTin" storage="c:\users\nhatminh\desktop\cua-hang-may-anh\testproject\bin\debug\testproject.dll" id="503e6487-cc97-7bc0-2fe7-1afd080cae9a">
      <Execution id="5e3c5e8f-b335-47eb-b508-66c60a2a9a55" />
      <TestMethod codeBase="C:/Users/NhatMinh/Desktop/Cua-hang-may-anh/TestProject/bin/Debug/TestProject.DLL" adapterTypeName="Microsoft.VisualStudio.TestTools.TestTypes.Unit.UnitTestAdapter, Microsoft.VisualStudio.QualityTools.Tips.UnitTest.Adapter, Version=10.0.0.0, Culture=neutral, PublicKeyToken=b03f5f7f11d50a3a" className="TestProject.UnitTest1, TestProject, Version=1.0.0.0, Culture=neutral, PublicKeyToken=null" name="TestThemSanPhamThieuThongTin" />
    </UnitTest>
  </TestDefinitions>
  <TestLists>
    <TestList name="Results Not in a List" id="8c84fa94-04c1-424b-9868-57a2d4851a1d" />
    <TestList name="All Loaded Results" id="19431567-8539-422a-85d7-44ee4e166bda" />
  </TestLists>
  <TestEntries>
    <TestEntry testId="503e6487-cc97-7bc0-2fe7-1afd080cae9a" executionId="5e3c5e8f-b335-47eb-b508-66c60a2a9a55" testListId="8c84fa94-04c1-424b-9868-57a2d4851a1d" />
    <TestEntry testId="b9457e69-0aaa-482e-3901-020f2ada3b6f" executionId="c252392f-fb29-431c-9c2b-f8f2db6d8d78" testListId="8c84fa94-04c1-424b-9868-57a2d4851a1d" />
    <TestEntry testId="bcd29df2-8813-69e1-a74b-3cc4a2127297" executionId="3d13d186-b001-4d26-9dde-156ddd8585e6" testListId="8c84fa94-04c1-424b-9868-57a2d4851a1d" />
  </TestEntries>
  <Results>
    <UnitTestResult executionId="5e3c5e8f-b335-47eb-b508-66c60a2a9a55" testId="503e6487-cc97-7bc0-2fe7-1afd080cae9a" testName="TestThemSanPhamThieuThongTin" computerName="LAPTOP-OTVHORNK" duration="00:00:02.5907135" startTime="2019-11-17T17:27:24.1158132+07:00" endTime="2019-11-17T17:27:27.1725661+07:00" testType="13cdc9d9-ddb5-4fa4-a97d-d965ccfc6d4b" outcome="Passed" testListId="8c84fa94-04c1-424b-9868-57a2d4851a1d" relativeResultsDirectory="5e3c5e8f-b335-47eb-b508-66c60a2a9a55">
    </UnitTestResult>
    <UnitTestResult executionId="c252392f-fb29-431c-9c2b-f8f2db6d8d78" testId="b9457e69-0aaa-482e-3901-020f2ada3b6f" testName="TestThemSanPhamDaTonTai" computerName="LAPTOP-OTVHORNK" duration="00:00:35.4384296" startTime="2019-11-17T17:27:27.1855139+07:00" endTime="2019-11-17T17:28:02.6239435+07:00" testType="13cdc9d9-ddb5-4fa4-a97d-d965ccfc6d4b" outcome="Aborted" testListId="8c84fa94-04c1-424b-9868-57a2d4851a1d" relativeResultsDirectory="c252392f-fb29-431c-9c2b-f8f2db6d8d78">
    </UnitTestResult>
    <UnitTestResult executionId="3d13d186-b001-4d26-9dde-156ddd8585e6" testId="bcd29df2-8813-69e1-a74b-3cc4a2127297" testName="TestThemSanPham" computerName="LAPTOP-OTVHORNK" testType="13cdc9d9-ddb5-4fa4-a97d-d965ccfc6d4b" outcome="NotExecuted" testListId="8c84fa94-04c1-424b-9868-57a2d4851a1d" relativeResultsDirectory="3d13d186-b001-4d26-9dde-156ddd8585e6">
    </UnitTestResult>
  </Results>
</TestRun>