<?xml version="1.0" encoding="UTF-8"?>
<TestRun id="69a005a6-11c4-4621-b1d2-e2ed809ad29c" name="NhatMinh@LAPTOP-OTVHORNK 2019-11-17 17:47:15" runUser="LAPTOP-OTVHORNK\NhatMinh" xmlns="http://microsoft.com/schemas/VisualStudio/TeamTest/2010">
  <TestSettings name="Local" id="293b60f0-7b6a-4642-86ed-df84e909a222">
    <Description>These are default test settings for a local test run.</Description>
    <Deployment enabled="false" runDeploymentRoot="NhatMinh_LAPTOP-OTVHORNK 2019-11-17 17_47_15">
      <DeploymentItem filename="C:\Users\NhatMinh\Desktop\Cua-hang-may-anh\GiaoDien\bin\Debug\GiaoDien.exe" />
    </Deployment>
    <Execution>
      <TestTypeSpecific />
      <AgentRule name="Execution Agents">
      </AgentRule>
    </Execution>
  </TestSettings>
  <Times creation="2019-11-17T17:47:15.1320343+07:00" queuing="2019-11-17T17:47:15.1489890+07:00" start="2019-11-17T17:47:15.1559836+07:00" finish="2019-11-17T17:47:18.7637235+07:00" />
  <ResultSummary outcome="Completed">
    <Counters total="1" executed="1" passed="1" error="0" failed="0" timeout="0" aborted="0" inconclusive="0" passedButRunAborted="0" notRunnable="0" notExecuted="0" disconnected="0" warning="0" completed="0" inProgress="0" pending="0" />
  </ResultSummary>
  <TestDefinitions>
    <UnitTest name="TestSuaSanPhamKhongTonTai" storage="c:\users\nhatminh\desktop\cua-hang-may-anh\testproject\bin\debug\testproject.dll" id="453528ac-89fd-e95f-fd35-ff4dd8c0eccf">
      <Execution id="1d74edc0-5498-4239-a9be-9df54c80e37e" />
      <TestMethod codeBase="C:/Users/NhatMinh/Desktop/Cua-hang-may-anh/TestProject/bin/Debug/TestProject.DLL" adapterTypeName="Microsoft.VisualStudio.TestTools.TestTypes.Unit.UnitTestAdapter, Microsoft.VisualStudio.QualityTools.Tips.UnitTest.Adapter, Version=10.0.0.0, Culture=neutral, PublicKeyToken=b03f5f7f11d50a3a" className="TestProject.UnitTest1, TestProject, Version=1.0.0.0, Culture=neutral, PublicKeyToken=null" name="TestSuaSanPhamKhongTonTai" />
    </UnitTest>
  </TestDefinitions>
  <TestLists>
    <TestList name="Results Not in a List" id="8c84fa94-04c1-424b-9868-57a2d4851a1d" />
    <TestList name="All Loaded Results" id="19431567-8539-422a-85d7-44ee4e166bda" />
  </TestLists>
  <TestEntries>
    <TestEntry testId="453528ac-89fd-e95f-fd35-ff4dd8c0eccf" executionId="1d74edc0-5498-4239-a9be-9df54c80e37e" testListId="8c84fa94-04c1-424b-9868-57a2d4851a1d" />
  </TestEntries>
  <Results>
    <UnitTestResult executionId="1d74edc0-5498-4239-a9be-9df54c80e37e" testId="453528ac-89fd-e95f-fd35-ff4dd8c0eccf" testName="TestSuaSanPhamKhongTonTai" computerName="LAPTOP-OTVHORNK" duration="00:00:03.3982583" startTime="2019-11-17T17:47:15.1639495+07:00" endTime="2019-11-17T17:47:18.7480991+07:00" testType="13cdc9d9-ddb5-4fa4-a97d-d965ccfc6d4b" outcome="Passed" testListId="8c84fa94-04c1-424b-9868-57a2d4851a1d" relativeResultsDirectory="1d74edc0-5498-4239-a9be-9df54c80e37e">
    </UnitTestResult>
  </Results>
</TestRun>