<?xml version="1.0" encoding="UTF-8"?>
<TestRun id="dcee4fc3-cf31-459e-ad3b-de2762b8f59a" name="NhatMinh@LAPTOP-OTVHORNK 2019-11-17 18:09:23" runUser="LAPTOP-OTVHORNK\NhatMinh" xmlns="http://microsoft.com/schemas/VisualStudio/TeamTest/2010">
  <TestSettings name="Local" id="293b60f0-7b6a-4642-86ed-df84e909a222">
    <Description>These are default test settings for a local test run.</Description>
    <Deployment enabled="false" runDeploymentRoot="NhatMinh_LAPTOP-OTVHORNK 2019-11-17 18_09_23">
      <DeploymentItem filename="C:\Users\NhatMinh\Desktop\Cua-hang-may-anh\GiaoDien\bin\Debug\GiaoDien.exe" />
    </Deployment>
    <Execution>
      <TestTypeSpecific />
      <AgentRule name="Execution Agents">
      </AgentRule>
    </Execution>
  </TestSettings>
  <Times creation="2019-11-17T18:09:23.4055464+07:00" queuing="2019-11-17T18:09:23.4211929+07:00" start="2019-11-17T18:09:23.4367875+07:00" finish="2019-11-17T18:09:24.0726995+07:00" />
  <ResultSummary outcome="Completed">
    <Counters total="12" executed="12" passed="12" error="0" failed="0" timeout="0" aborted="0" inconclusive="0" passedButRunAborted="0" notRunnable="0" notExecuted="0" disconnected="0" warning="0" completed="0" inProgress="0" pending="0" />
  </ResultSummary>
  <TestDefinitions>
    <UnitTest name="TestKTSDT_KyTuChu" storage="c:\users\nhatminh\desktop\cua-hang-may-anh\testproject\bin\debug\testproject.dll" id="8d3f1433-b74e-4085-5089-20345c8ed0f6">
      <Execution id="9c83d82b-31b0-4aaa-b1b9-be9c43ab67c9" />
      <TestMethod codeBase="C:/Users/NhatMinh/Desktop/Cua-hang-may-anh/TestProject/bin/Debug/TestProject.DLL" adapterTypeName="Microsoft.VisualStudio.TestTools.TestTypes.Unit.UnitTestAdapter, Microsoft.VisualStudio.QualityTools.Tips.UnitTest.Adapter, Version=10.0.0.0, Culture=neutral, PublicKeyToken=b03f5f7f11d50a3a" className="TestProject.UnitTest1, TestProject, Version=1.0.0.0, Culture=neutral, PublicKeyToken=null" name="TestKTSDT_KyTuChu" />
    </UnitTest>
    <UnitTest name="TestKTMatKhau_SaiThongTin" storage="c:\users\nhatminh\desktop\cua-hang-may-anh\testproject\bin\debug\testproject.dll" id="2a44b4e3-5f53-8c88-f788-3dac2839bb85">
      <Execution id="62d18c08-966c-4f4d-99b4-4e82a3743c74" />
      <TestMethod codeBase="C:/Users/NhatMinh/Desktop/Cua-hang-may-anh/TestProject/bin/Debug/TestProject.DLL" adapterTypeName="Microsoft.VisualStudio.TestTools.TestTypes.Unit.UnitTestAdapter, Microsoft.VisualStudio.QualityTools.Tips.UnitTest.Adapter, Version=10.0.0.0, Culture=neutral, PublicKeyToken=b03f5f7f11d50a3a" className="TestProject.UnitTest1, TestProject, Version=1.0.0.0, Culture=neutral, PublicKeyToken=null" name="TestKTMatKhau_SaiThongTin" />
    </UnitTest>
    <UnitTest name="TestKTSDT_NhieuHon10KyTu" storage="c:\users\nhatminh\desktop\cua-hang-may-anh\testproject\bin\debug\testproject.dll" id="3865a30f-efbc-a87d-4d4f-e0b4950f9666">
      <Execution id="0eef4c6e-fb16-44ee-b6cb-d2a32eadf8d2" />
      <TestMethod codeBase="C:/Users/NhatMinh/Desktop/Cua-hang-may-anh/TestProject/bin/Debug/TestProject.DLL" adapterTypeName="Microsoft.VisualStudio.TestTools.TestTypes.Unit.UnitTestAdapter, Microsoft.VisualStudio.QualityTools.Tips.UnitTest.Adapter, Version=10.0.0.0, Culture=neutral, PublicKeyToken=b03f5f7f11d50a3a" className="TestProject.UnitTest1, TestProject, Version=1.0.0.0, Culture=neutral, PublicKeyToken=null" name="TestKTSDT_NhieuHon10KyTu" />
    </UnitTest>
    <UnitTest name="TestKTTonTaiGiaTriStringFalse" storage="c:\users\nhatminh\desktop\cua-hang-may-anh\testproject\bin\debug\testproject.dll" id="48892fdf-792f-6913-9069-225a30b3e44e">
      <Execution id="ea38a3ff-fd12-4d70-bc1f-eb3137aaae2e" />
      <TestMethod codeBase="C:/Users/NhatMinh/Desktop/Cua-hang-may-anh/TestProject/bin/Debug/TestProject.DLL" adapterTypeName="Microsoft.VisualStudio.TestTools.TestTypes.Unit.UnitTestAdapter, Microsoft.VisualStudio.QualityTools.Tips.UnitTest.Adapter, Version=10.0.0.0, Culture=neutral, PublicKeyToken=b03f5f7f11d50a3a" className="TestProject.UnitTest1, TestProject, Version=1.0.0.0, Culture=neutral, PublicKeyToken=null" name="TestKTTonTaiGiaTriStringFalse" />
    </UnitTest>
    <UnitTest name="TestKTMatKhau_ItHon6KyTu" storage="c:\users\nhatminh\desktop\cua-hang-may-anh\testproject\bin\debug\testproject.dll" id="94b5376d-1cf0-89a5-ea19-bd84b56b2184">
      <Execution id="8f7e3058-4a15-44de-b793-6cd168fa70f2" />
      <TestMethod codeBase="C:/Users/NhatMinh/Desktop/Cua-hang-may-anh/TestProject/bin/Debug/TestProject.DLL" adapterTypeName="Microsoft.VisualStudio.TestTools.TestTypes.Unit.UnitTestAdapter, Microsoft.VisualStudio.QualityTools.Tips.UnitTest.Adapter, Version=10.0.0.0, Culture=neutral, PublicKeyToken=b03f5f7f11d50a3a" className="TestProject.UnitTest1, TestProject, Version=1.0.0.0, Culture=neutral, PublicKeyToken=null" name="TestKTMatKhau_ItHon6KyTu" />
    </UnitTest>
    <UnitTest name="TestKTSDT_ItHon10KyTu" storage="c:\users\nhatminh\desktop\cua-hang-may-anh\testproject\bin\debug\testproject.dll" id="78ad5c8d-fb20-31ec-012e-89ca87cff893">
      <Execution id="af384be2-98dc-41cd-9b4b-a12b084a14cf" />
      <TestMethod codeBase="C:/Users/NhatMinh/Desktop/Cua-hang-may-anh/TestProject/bin/Debug/TestProject.DLL" adapterTypeName="Microsoft.VisualStudio.TestTools.TestTypes.Unit.UnitTestAdapter, Microsoft.VisualStudio.QualityTools.Tips.UnitTest.Adapter, Version=10.0.0.0, Culture=neutral, PublicKeyToken=b03f5f7f11d50a3a" className="TestProject.UnitTest1, TestProject, Version=1.0.0.0, Culture=neutral, PublicKeyToken=null" name="TestKTSDT_ItHon10KyTu" />
    </UnitTest>
    <UnitTest name="TestKTTonTaiGiaTriIntFalse" storage="c:\users\nhatminh\desktop\cua-hang-may-anh\testproject\bin\debug\testproject.dll" id="a0fcdfa4-63d8-ddf4-bffa-d8b338e6167d">
      <Execution id="24597d4b-8157-453c-97ed-137428aaba7c" />
      <TestMethod codeBase="C:/Users/NhatMinh/Desktop/Cua-hang-may-anh/TestProject/bin/Debug/TestProject.DLL" adapterTypeName="Microsoft.VisualStudio.TestTools.TestTypes.Unit.UnitTestAdapter, Microsoft.VisualStudio.QualityTools.Tips.UnitTest.Adapter, Version=10.0.0.0, Culture=neutral, PublicKeyToken=b03f5f7f11d50a3a" className="TestProject.UnitTest1, TestProject, Version=1.0.0.0, Culture=neutral, PublicKeyToken=null" name="TestKTTonTaiGiaTriIntFalse" />
    </UnitTest>
    <UnitTest name="TestKTTonTaiGiaTriIntTrue" storage="c:\users\nhatminh\desktop\cua-hang-may-anh\testproject\bin\debug\testproject.dll" id="f9e0645b-2a70-f6fd-e356-1520485cc513">
      <Execution id="8b208877-f116-4cb9-9361-a4758d4be612" />
      <TestMethod codeBase="C:/Users/NhatMinh/Desktop/Cua-hang-may-anh/TestProject/bin/Debug/TestProject.DLL" adapterTypeName="Microsoft.VisualStudio.TestTools.TestTypes.Unit.UnitTestAdapter, Microsoft.VisualStudio.QualityTools.Tips.UnitTest.Adapter, Version=10.0.0.0, Culture=neutral, PublicKeyToken=b03f5f7f11d50a3a" className="TestProject.UnitTest1, TestProject, Version=1.0.0.0, Culture=neutral, PublicKeyToken=null" name="TestKTTonTaiGiaTriIntTrue" />
    </UnitTest>
    <UnitTest name="TestKTSDT" storage="c:\users\nhatminh\desktop\cua-hang-may-anh\testproject\bin\debug\testproject.dll" id="d9cbf4be-c197-fc2f-02ce-fff66d20093d">
      <Execution id="6183160f-e7c0-4c82-b57b-f73b1b3cc33a" />
      <TestMethod codeBase="C:/Users/NhatMinh/Desktop/Cua-hang-may-anh/TestProject/bin/Debug/TestProject.DLL" adapterTypeName="Microsoft.VisualStudio.TestTools.TestTypes.Unit.UnitTestAdapter, Microsoft.VisualStudio.QualityTools.Tips.UnitTest.Adapter, Version=10.0.0.0, Culture=neutral, PublicKeyToken=b03f5f7f11d50a3a" className="TestProject.UnitTest1, TestProject, Version=1.0.0.0, Culture=neutral, PublicKeyToken=null" name="TestKTSDT" />
    </UnitTest>
    <UnitTest name="TestKTMatKhau" storage="c:\users\nhatminh\desktop\cua-hang-may-anh\testproject\bin\debug\testproject.dll" id="5e7b3674-8f66-dbaa-2296-433ca5893238">
      <Execution id="77100a49-664c-4910-b186-d240c734a269" />
      <TestMethod codeBase="C:/Users/NhatMinh/Desktop/Cua-hang-may-anh/TestProject/bin/Debug/TestProject.DLL" adapterTypeName="Microsoft.VisualStudio.TestTools.TestTypes.Unit.UnitTestAdapter, Microsoft.VisualStudio.QualityTools.Tips.UnitTest.Adapter, Version=10.0.0.0, Culture=neutral, PublicKeyToken=b03f5f7f11d50a3a" className="TestProject.UnitTest1, TestProject, Version=1.0.0.0, Culture=neutral, PublicKeyToken=null" name="TestKTMatKhau" />
    </UnitTest>
    <UnitTest name="TestKTTonTaiGiaTriStringTrue" storage="c:\users\nhatminh\desktop\cua-hang-may-anh\testproject\bin\debug\testproject.dll" id="82739ca3-0c68-ca0b-0507-6c851be9e819">
      <Execution id="001845c2-338e-4d87-be6d-2f3ff4beb56f" />
      <TestMethod codeBase="C:/Users/NhatMinh/Desktop/Cua-hang-may-anh/TestProject/bin/Debug/TestProject.DLL" adapterTypeName="Microsoft.VisualStudio.TestTools.TestTypes.Unit.UnitTestAdapter, Microsoft.VisualStudio.QualityTools.Tips.UnitTest.Adapter, Version=10.0.0.0, Culture=neutral, PublicKeyToken=b03f5f7f11d50a3a" className="TestProject.UnitTest1, TestProject, Version=1.0.0.0, Culture=neutral, PublicKeyToken=null" name="TestKTTonTaiGiaTriStringTrue" />
    </UnitTest>
    <UnitTest name="TestKTMatKhau_TaiKhoanKhongTonTai" storage="c:\users\nhatminh\desktop\cua-hang-may-anh\testproject\bin\debug\testproject.dll" id="bec96b4e-9bdb-85be-5bc5-ebe9b4d78c9d">
      <Execution id="77e436b0-d853-4fd3-9f8f-3dd9c8bbdbf4" />
      <TestMethod codeBase="C:/Users/NhatMinh/Desktop/Cua-hang-may-anh/TestProject/bin/Debug/TestProject.DLL" adapterTypeName="Microsoft.VisualStudio.TestTools.TestTypes.Unit.UnitTestAdapter, Microsoft.VisualStudio.QualityTools.Tips.UnitTest.Adapter, Version=10.0.0.0, Culture=neutral, PublicKeyToken=b03f5f7f11d50a3a" className="TestProject.UnitTest1, TestProject, Version=1.0.0.0, Culture=neutral, PublicKeyToken=null" name="TestKTMatKhau_TaiKhoanKhongTonTai" />
    </UnitTest>
  </TestDefinitions>
  <TestLists>
    <TestList name="Results Not in a List" id="8c84fa94-04c1-424b-9868-57a2d4851a1d" />
    <TestList name="All Loaded Results" id="19431567-8539-422a-85d7-44ee4e166bda" />
  </TestLists>
  <TestEntries>
    <TestEntry testId="2a44b4e3-5f53-8c88-f788-3dac2839bb85" executionId="62d18c08-966c-4f4d-99b4-4e82a3743c74" testListId="8c84fa94-04c1-424b-9868-57a2d4851a1d" />
    <TestEntry testId="3865a30f-efbc-a87d-4d4f-e0b4950f9666" executionId="0eef4c6e-fb16-44ee-b6cb-d2a32eadf8d2" testListId="8c84fa94-04c1-424b-9868-57a2d4851a1d" />
    <TestEntry testId="48892fdf-792f-6913-9069-225a30b3e44e" executionId="ea38a3ff-fd12-4d70-bc1f-eb3137aaae2e" testListId="8c84fa94-04c1-424b-9868-57a2d4851a1d" />
    <TestEntry testId="5e7b3674-8f66-dbaa-2296-433ca5893238" executionId="77100a49-664c-4910-b186-d240c734a269" testListId="8c84fa94-04c1-424b-9868-57a2d4851a1d" />
    <TestEntry testId="78ad5c8d-fb20-31ec-012e-89ca87cff893" executionId="af384be2-98dc-41cd-9b4b-a12b084a14cf" testListId="8c84fa94-04c1-424b-9868-57a2d4851a1d" />
    <TestEntry testId="82739ca3-0c68-ca0b-0507-6c851be9e819" executionId="001845c2-338e-4d87-be6d-2f3ff4beb56f" testListId="8c84fa94-04c1-424b-9868-57a2d4851a1d" />
    <TestEntry testId="8d3f1433-b74e-4085-5089-20345c8ed0f6" executionId="9c83d82b-31b0-4aaa-b1b9-be9c43ab67c9" testListId="8c84fa94-04c1-424b-9868-57a2d4851a1d" />
    <TestEntry testId="94b5376d-1cf0-89a5-ea19-bd84b56b2184" executionId="8f7e3058-4a15-44de-b793-6cd168fa70f2" testListId="8c84fa94-04c1-424b-9868-57a2d4851a1d" />
    <TestEntry testId="a0fcdfa4-63d8-ddf4-bffa-d8b338e6167d" executionId="24597d4b-8157-453c-97ed-137428aaba7c" testListId="8c84fa94-04c1-424b-9868-57a2d4851a1d" />
    <TestEntry testId="bec96b4e-9bdb-85be-5bc5-ebe9b4d78c9d" executionId="77e436b0-d853-4fd3-9f8f-3dd9c8bbdbf4" testListId="8c84fa94-04c1-424b-9868-57a2d4851a1d" />
    <TestEntry testId="d9cbf4be-c197-fc2f-02ce-fff66d20093d" executionId="6183160f-e7c0-4c82-b57b-f73b1b3cc33a" testListId="8c84fa94-04c1-424b-9868-57a2d4851a1d" />
    <TestEntry testId="f9e0645b-2a70-f6fd-e356-1520485cc513" executionId="8b208877-f116-4cb9-9361-a4758d4be612" testListId="8c84fa94-04c1-424b-9868-57a2d4851a1d" />
  </TestEntries>
  <Results>
    <UnitTestResult executionId="62d18c08-966c-4f4d-99b4-4e82a3743c74" testId="2a44b4e3-5f53-8c88-f788-3dac2839bb85" testName="TestKTMatKhau_SaiThongTin" computerName="LAPTOP-OTVHORNK" duration="00:00:00.1477989" startTime="2019-11-17T18:09:23.4367875+07:00" endTime="2019-11-17T18:09:23.7755457+07:00" testType="13cdc9d9-ddb5-4fa4-a97d-d965ccfc6d4b" outcome="Passed" testListId="8c84fa94-04c1-424b-9868-57a2d4851a1d" relativeResultsDirectory="62d18c08-966c-4f4d-99b4-4e82a3743c74">
    </UnitTestResult>
    <UnitTestResult executionId="0eef4c6e-fb16-44ee-b6cb-d2a32eadf8d2" testId="3865a30f-efbc-a87d-4d4f-e0b4950f9666" testName="TestKTSDT_NhieuHon10KyTu" computerName="LAPTOP-OTVHORNK" duration="00:00:00.0003420" startTime="2019-11-17T18:09:23.7815278+07:00" endTime="2019-11-17T18:09:23.7865150+07:00" testType="13cdc9d9-ddb5-4fa4-a97d-d965ccfc6d4b" outcome="Passed" testListId="8c84fa94-04c1-424b-9868-57a2d4851a1d" relativeResultsDirectory="0eef4c6e-fb16-44ee-b6cb-d2a32eadf8d2">
    </UnitTestResult>
    <UnitTestResult executionId="ea38a3ff-fd12-4d70-bc1f-eb3137aaae2e" testId="48892fdf-792f-6913-9069-225a30b3e44e" testName="TestKTTonTaiGiaTriStringFalse" computerName="LAPTOP-OTVHORNK" duration="00:00:00.0748280" startTime="2019-11-17T18:09:23.7934964+07:00" endTime="2019-11-17T18:09:23.8722348+07:00" testType="13cdc9d9-ddb5-4fa4-a97d-d965ccfc6d4b" outcome="Passed" testListId="8c84fa94-04c1-424b-9868-57a2d4851a1d" relativeResultsDirectory="ea38a3ff-fd12-4d70-bc1f-eb3137aaae2e">
    </UnitTestResult>
    <UnitTestResult executionId="77100a49-664c-4910-b186-d240c734a269" testId="5e7b3674-8f66-dbaa-2296-433ca5893238" testName="TestKTMatKhau" computerName="LAPTOP-OTVHORNK" duration="00:00:00.0048870" startTime="2019-11-17T18:09:23.8802143+07:00" endTime="2019-11-17T18:09:23.8911939+07:00" testType="13cdc9d9-ddb5-4fa4-a97d-d965ccfc6d4b" outcome="Passed" testListId="8c84fa94-04c1-424b-9868-57a2d4851a1d" relativeResultsDirectory="77100a49-664c-4910-b186-d240c734a269">
    </UnitTestResult>
    <UnitTestResult executionId="af384be2-98dc-41cd-9b4b-a12b084a14cf" testId="78ad5c8d-fb20-31ec-012e-89ca87cff893" testName="TestKTSDT_ItHon10KyTu" computerName="LAPTOP-OTVHORNK" duration="00:00:00.0001767" startTime="2019-11-17T18:09:23.9011577+07:00" endTime="2019-11-17T18:09:23.9061438+07:00" testType="13cdc9d9-ddb5-4fa4-a97d-d965ccfc6d4b" outcome="Passed" testListId="8c84fa94-04c1-424b-9868-57a2d4851a1d" relativeResultsDirectory="af384be2-98dc-41cd-9b4b-a12b084a14cf">
    </UnitTestResult>
    <UnitTestResult executionId="001845c2-338e-4d87-be6d-2f3ff4beb56f" testId="82739ca3-0c68-ca0b-0507-6c851be9e819" testName="TestKTTonTaiGiaTriStringTrue" computerName="LAPTOP-OTVHORNK" duration="00:00:00.0114476" startTime="2019-11-17T18:09:23.9141239+07:00" endTime="2019-11-17T18:09:23.9290958+07:00" testType="13cdc9d9-ddb5-4fa4-a97d-d965ccfc6d4b" outcome="Passed" testListId="8c84fa94-04c1-424b-9868-57a2d4851a1d" relativeResultsDirectory="001845c2-338e-4d87-be6d-2f3ff4beb56f">
    </UnitTestResult>
    <UnitTestResult executionId="9c83d82b-31b0-4aaa-b1b9-be9c43ab67c9" testId="8d3f1433-b74e-4085-5089-20345c8ed0f6" testName="TestKTSDT_KyTuChu" computerName="LAPTOP-OTVHORNK" duration="00:00:00.0001387" startTime="2019-11-17T18:09:23.9350667+07:00" endTime="2019-11-17T18:09:23.9390562+07:00" testType="13cdc9d9-ddb5-4fa4-a97d-d965ccfc6d4b" outcome="Passed" testListId="8c84fa94-04c1-424b-9868-57a2d4851a1d" relativeResultsDirectory="9c83d82b-31b0-4aaa-b1b9-be9c43ab67c9">
    </UnitTestResult>
    <UnitTestResult executionId="8f7e3058-4a15-44de-b793-6cd168fa70f2" testId="94b5376d-1cf0-89a5-ea19-bd84b56b2184" testName="TestKTMatKhau_ItHon6KyTu" computerName="LAPTOP-OTVHORNK" duration="00:00:00.0001636" startTime="2019-11-17T18:09:23.9460379+07:00" endTime="2019-11-17T18:09:23.9500265+07:00" testType="13cdc9d9-ddb5-4fa4-a97d-d965ccfc6d4b" outcome="Passed" testListId="8c84fa94-04c1-424b-9868-57a2d4851a1d" relativeResultsDirectory="8f7e3058-4a15-44de-b793-6cd168fa70f2">
    </UnitTestResult>
    <UnitTestResult executionId="24597d4b-8157-453c-97ed-137428aaba7c" testId="a0fcdfa4-63d8-ddf4-bffa-d8b338e6167d" testName="TestKTTonTaiGiaTriIntFalse" computerName="LAPTOP-OTVHORNK" duration="00:00:00.0051237" startTime="2019-11-17T18:09:23.9590064+07:00" endTime="2019-11-17T18:09:23.9679822+07:00" testType="13cdc9d9-ddb5-4fa4-a97d-d965ccfc6d4b" outcome="Passed" testListId="8c84fa94-04c1-424b-9868-57a2d4851a1d" relativeResultsDirectory="24597d4b-8157-453c-97ed-137428aaba7c">
    </UnitTestResult>
    <UnitTestResult executionId="77e436b0-d853-4fd3-9f8f-3dd9c8bbdbf4" testId="bec96b4e-9bdb-85be-5bc5-ebe9b4d78c9d" testName="TestKTMatKhau_TaiKhoanKhongTonTai" computerName="LAPTOP-OTVHORNK" duration="00:00:00.0039160" startTime="2019-11-17T18:09:23.9749612+07:00" endTime="2019-11-17T18:09:23.9819436+07:00" testType="13cdc9d9-ddb5-4fa4-a97d-d965ccfc6d4b" outcome="Passed" testListId="8c84fa94-04c1-424b-9868-57a2d4851a1d" relativeResultsDirectory="77e436b0-d853-4fd3-9f8f-3dd9c8bbdbf4">
    </UnitTestResult>
    <UnitTestResult executionId="6183160f-e7c0-4c82-b57b-f73b1b3cc33a" testId="d9cbf4be-c197-fc2f-02ce-fff66d20093d" testName="TestKTSDT" computerName="LAPTOP-OTVHORNK" duration="00:00:00.0001050" startTime="2019-11-17T18:09:23.9869276+07:00" endTime="2019-11-17T18:09:23.9929130+07:00" testType="13cdc9d9-ddb5-4fa4-a97d-d965ccfc6d4b" outcome="Passed" testListId="8c84fa94-04c1-424b-9868-57a2d4851a1d" relativeResultsDirectory="6183160f-e7c0-4c82-b57b-f73b1b3cc33a">
    </UnitTestResult>
    <UnitTestResult executionId="8b208877-f116-4cb9-9361-a4758d4be612" testId="f9e0645b-2a70-f6fd-e356-1520485cc513" testName="TestKTTonTaiGiaTriIntTrue" computerName="LAPTOP-OTVHORNK" duration="00:00:00.0194056" startTime="2019-11-17T18:09:23.9978994+07:00" endTime="2019-11-17T18:09:24.0218370+07:00" testType="13cdc9d9-ddb5-4fa4-a97d-d965ccfc6d4b" outcome="Passed" testListId="8c84fa94-04c1-424b-9868-57a2d4851a1d" relativeResultsDirectory="8b208877-f116-4cb9-9361-a4758d4be612">
    </UnitTestResult>
  </Results>
</TestRun>