<?xml version="1.0" encoding="UTF-8"?>
<TestRun id="b2dbd976-521d-44c9-9acd-1fb103dcd7fa" name="NhatMinh@LAPTOP-OTVHORNK 2019-11-17 16:55:13" runUser="LAPTOP-OTVHORNK\NhatMinh" xmlns="http://microsoft.com/schemas/VisualStudio/TeamTest/2010">
  <TestSettings name="Local" id="293b60f0-7b6a-4642-86ed-df84e909a222">
    <Description>These are default test settings for a local test run.</Description>
    <Deployment enabled="false" runDeploymentRoot="NhatMinh_LAPTOP-OTVHORNK 2019-11-17 16_55_13">
      <DeploymentItem filename="C:\Users\NhatMinh\Desktop\Cua-hang-may-anh\GiaoDien\bin\Debug\GiaoDien.exe" />
    </Deployment>
    <Execution>
      <TestTypeSpecific />
      <AgentRule name="Execution Agents">
      </AgentRule>
    </Execution>
  </TestSettings>
  <Times creation="2019-11-17T16:55:13.8041902+07:00" queuing="2019-11-17T16:55:13.8198650+07:00" start="2019-11-17T16:55:13.8354367+07:00" finish="2019-11-17T16:55:19.8941456+07:00" />
  <ResultSummary outcome="Failed">
    <Counters total="8" executed="8" passed="6" error="0" failed="2" timeout="0" aborted="0" inconclusive="0" passedButRunAborted="0" notRunnable="0" notExecuted="0" disconnected="0" warning="0" completed="0" inProgress="0" pending="0" />
  </ResultSummary>
  <TestDefinitions>
    <UnitTest name="TestOpenAccess" storage="c:\users\nhatminh\desktop\cua-hang-may-anh\testproject\bin\debug\testproject.dll" id="953a7484-decf-3733-f23c-37e9a601caeb">
      <Execution id="61a19ee0-9abe-4d25-8657-2df4762809f9" />
      <TestMethod codeBase="C:/Users/NhatMinh/Desktop/Cua-hang-may-anh/TestProject/bin/Debug/TestProject.DLL" adapterTypeName="Microsoft.VisualStudio.TestTools.TestTypes.Unit.UnitTestAdapter, Microsoft.VisualStudio.QualityTools.Tips.UnitTest.Adapter, Version=10.0.0.0, Culture=neutral, PublicKeyToken=b03f5f7f11d50a3a" className="TestProject.UnitTest1, TestProject, Version=1.0.0.0, Culture=neutral, PublicKeyToken=null" name="TestOpenAccess" />
    </UnitTest>
    <UnitTest name="TestThemQuanLyDaTonTai" storage="c:\users\nhatminh\desktop\cua-hang-may-anh\testproject\bin\debug\testproject.dll" id="e9bebd3f-90fd-9879-8748-f8874936dc49">
      <Execution id="4e594b2a-75cf-420f-a253-793910c176ca" />
      <TestMethod codeBase="C:/Users/NhatMinh/Desktop/Cua-hang-may-anh/TestProject/bin/Debug/TestProject.DLL" adapterTypeName="Microsoft.VisualStudio.TestTools.TestTypes.Unit.UnitTestAdapter, Microsoft.VisualStudio.QualityTools.Tips.UnitTest.Adapter, Version=10.0.0.0, Culture=neutral, PublicKeyToken=b03f5f7f11d50a3a" className="TestProject.UnitTest1, TestProject, Version=1.0.0.0, Culture=neutral, PublicKeyToken=null" name="TestThemQuanLyDaTonTai" />
    </UnitTest>
    <UnitTest name="TestThemKhachHangDaTonTai" storage="c:\users\nhatminh\desktop\cua-hang-may-anh\testproject\bin\debug\testproject.dll" id="54967f4b-acf4-7b49-f72a-893f2e8e86df">
      <Execution id="172ff0ad-5315-4749-b379-c481db96e9f4" />
      <TestMethod codeBase="C:/Users/NhatMinh/Desktop/Cua-hang-may-anh/TestProject/bin/Debug/TestProject.DLL" adapterTypeName="Microsoft.VisualStudio.TestTools.TestTypes.Unit.UnitTestAdapter, Microsoft.VisualStudio.QualityTools.Tips.UnitTest.Adapter, Version=10.0.0.0, Culture=neutral, PublicKeyToken=b03f5f7f11d50a3a" className="TestProject.UnitTest1, TestProject, Version=1.0.0.0, Culture=neutral, PublicKeyToken=null" name="TestThemKhachHangDaTonTai" />
    </UnitTest>
    <UnitTest name="TestThemKhachHang" storage="c:\users\nhatminh\desktop\cua-hang-may-anh\testproject\bin\debug\testproject.dll" id="bdc2ad0b-a17d-793d-595d-b3880bff4253">
      <Execution id="a10e5cc7-1c3f-429b-827f-50e15015f616" />
      <TestMethod codeBase="C:/Users/NhatMinh/Desktop/Cua-hang-may-anh/TestProject/bin/Debug/TestProject.DLL" adapterTypeName="Microsoft.VisualStudio.TestTools.TestTypes.Unit.UnitTestAdapter, Microsoft.VisualStudio.QualityTools.Tips.UnitTest.Adapter, Version=10.0.0.0, Culture=neutral, PublicKeyToken=b03f5f7f11d50a3a" className="TestProject.UnitTest1, TestProject, Version=1.0.0.0, Culture=neutral, PublicKeyToken=null" name="TestThemKhachHang" />
    </UnitTest>
    <UnitTest name="TestThemQuanLy" storage="c:\users\nhatminh\desktop\cua-hang-may-anh\testproject\bin\debug\testproject.dll" id="ecef1a11-959f-78a9-e8a3-96ecc98726f4">
      <Execution id="0eade854-216c-4485-b28f-b3e35d2097e4" />
      <TestMethod codeBase="C:/Users/NhatMinh/Desktop/Cua-hang-may-anh/TestProject/bin/Debug/TestProject.DLL" adapterTypeName="Microsoft.VisualStudio.TestTools.TestTypes.Unit.UnitTestAdapter, Microsoft.VisualStudio.QualityTools.Tips.UnitTest.Adapter, Version=10.0.0.0, Culture=neutral, PublicKeyToken=b03f5f7f11d50a3a" className="TestProject.UnitTest1, TestProject, Version=1.0.0.0, Culture=neutral, PublicKeyToken=null" name="TestThemQuanLy" />
    </UnitTest>
    <UnitTest name="TestDataSet_LoadData" storage="c:\users\nhatminh\desktop\cua-hang-may-anh\testproject\bin\debug\testproject.dll" id="40ee7bf2-d17b-a2d1-8457-ad6e71252d06">
      <Execution id="0bd1ce4d-eb13-4cf8-8f13-7e94adb40c2f" />
      <TestMethod codeBase="C:/Users/NhatMinh/Desktop/Cua-hang-may-anh/TestProject/bin/Debug/TestProject.DLL" adapterTypeName="Microsoft.VisualStudio.TestTools.TestTypes.Unit.UnitTestAdapter, Microsoft.VisualStudio.QualityTools.Tips.UnitTest.Adapter, Version=10.0.0.0, Culture=neutral, PublicKeyToken=b03f5f7f11d50a3a" className="TestProject.UnitTest1, TestProject, Version=1.0.0.0, Culture=neutral, PublicKeyToken=null" name="TestDataSet_LoadData" />
    </UnitTest>
    <UnitTest name="TestThemKhachHangRong" storage="c:\users\nhatminh\desktop\cua-hang-may-anh\testproject\bin\debug\testproject.dll" id="53b077f5-e536-beb2-270d-3722ea88bfb4">
      <Execution id="e5ee1a63-617c-47f1-84b3-d84923f193ef" />
      <TestMethod codeBase="C:/Users/NhatMinh/Desktop/Cua-hang-may-anh/TestProject/bin/Debug/TestProject.DLL" adapterTypeName="Microsoft.VisualStudio.TestTools.TestTypes.Unit.UnitTestAdapter, Microsoft.VisualStudio.QualityTools.Tips.UnitTest.Adapter, Version=10.0.0.0, Culture=neutral, PublicKeyToken=b03f5f7f11d50a3a" className="TestProject.UnitTest1, TestProject, Version=1.0.0.0, Culture=neutral, PublicKeyToken=null" name="TestThemKhachHangRong" />
    </UnitTest>
    <UnitTest name="TestCapNhatQuanLy" storage="c:\users\nhatminh\desktop\cua-hang-may-anh\testproject\bin\debug\testproject.dll" id="9173ea96-4072-4961-31d8-04a919984d14">
      <Execution id="6e8166e3-f79c-41a0-be64-795d5e05f299" />
      <TestMethod codeBase="C:/Users/NhatMinh/Desktop/Cua-hang-may-anh/TestProject/bin/Debug/TestProject.DLL" adapterTypeName="Microsoft.VisualStudio.TestTools.TestTypes.Unit.UnitTestAdapter, Microsoft.VisualStudio.QualityTools.Tips.UnitTest.Adapter, Version=10.0.0.0, Culture=neutral, PublicKeyToken=b03f5f7f11d50a3a" className="TestProject.UnitTest1, TestProject, Version=1.0.0.0, Culture=neutral, PublicKeyToken=null" name="TestCapNhatQuanLy" />
    </UnitTest>
  </TestDefinitions>
  <TestLists>
    <TestList name="Results Not in a List" id="8c84fa94-04c1-424b-9868-57a2d4851a1d" />
    <TestList name="All Loaded Results" id="19431567-8539-422a-85d7-44ee4e166bda" />
  </TestLists>
  <TestEntries>
    <TestEntry testId="40ee7bf2-d17b-a2d1-8457-ad6e71252d06" executionId="0bd1ce4d-eb13-4cf8-8f13-7e94adb40c2f" testListId="8c84fa94-04c1-424b-9868-57a2d4851a1d" />
    <TestEntry testId="53b077f5-e536-beb2-270d-3722ea88bfb4" executionId="e5ee1a63-617c-47f1-84b3-d84923f193ef" testListId="8c84fa94-04c1-424b-9868-57a2d4851a1d" />
    <TestEntry testId="54967f4b-acf4-7b49-f72a-893f2e8e86df" executionId="172ff0ad-5315-4749-b379-c481db96e9f4" testListId="8c84fa94-04c1-424b-9868-57a2d4851a1d" />
    <TestEntry testId="9173ea96-4072-4961-31d8-04a919984d14" executionId="6e8166e3-f79c-41a0-be64-795d5e05f299" testListId="8c84fa94-04c1-424b-9868-57a2d4851a1d" />
    <TestEntry testId="953a7484-decf-3733-f23c-37e9a601caeb" executionId="61a19ee0-9abe-4d25-8657-2df4762809f9" testListId="8c84fa94-04c1-424b-9868-57a2d4851a1d" />
    <TestEntry testId="bdc2ad0b-a17d-793d-595d-b3880bff4253" executionId="a10e5cc7-1c3f-429b-827f-50e15015f616" testListId="8c84fa94-04c1-424b-9868-57a2d4851a1d" />
    <TestEntry testId="e9bebd3f-90fd-9879-8748-f8874936dc49" executionId="4e594b2a-75cf-420f-a253-793910c176ca" testListId="8c84fa94-04c1-424b-9868-57a2d4851a1d" />
    <TestEntry testId="ecef1a11-959f-78a9-e8a3-96ecc98726f4" executionId="0eade854-216c-4485-b28f-b3e35d2097e4" testListId="8c84fa94-04c1-424b-9868-57a2d4851a1d" />
  </TestEntries>
  <Results>
    <UnitTestResult executionId="0bd1ce4d-eb13-4cf8-8f13-7e94adb40c2f" testId="40ee7bf2-d17b-a2d1-8457-ad6e71252d06" testName="TestDataSet_LoadData" computerName="LAPTOP-OTVHORNK" duration="00:00:00.1278258" startTime="2019-11-17T16:55:13.8354367+07:00" endTime="2019-11-17T16:55:14.1324724+07:00" testType="13cdc9d9-ddb5-4fa4-a97d-d965ccfc6d4b" outcome="Passed" testListId="8c84fa94-04c1-424b-9868-57a2d4851a1d" relativeResultsDirectory="0bd1ce4d-eb13-4cf8-8f13-7e94adb40c2f">
    </UnitTestResult>
    <UnitTestResult executionId="e5ee1a63-617c-47f1-84b3-d84923f193ef" testId="53b077f5-e536-beb2-270d-3722ea88bfb4" testName="TestThemKhachHangRong" computerName="LAPTOP-OTVHORNK" duration="00:00:00.0005375" startTime="2019-11-17T16:55:14.1478804+07:00" endTime="2019-11-17T16:55:14.1478804+07:00" testType="13cdc9d9-ddb5-4fa4-a97d-d965ccfc6d4b" outcome="Passed" testListId="8c84fa94-04c1-424b-9868-57a2d4851a1d" relativeResultsDirectory="e5ee1a63-617c-47f1-84b3-d84923f193ef">
    </UnitTestResult>
    <UnitTestResult executionId="172ff0ad-5315-4749-b379-c481db96e9f4" testId="54967f4b-acf4-7b49-f72a-893f2e8e86df" testName="TestThemKhachHangDaTonTai" computerName="LAPTOP-OTVHORNK" duration="00:00:00.0518986" startTime="2019-11-17T16:55:14.1478804+07:00" endTime="2019-11-17T16:55:14.2103867+07:00" testType="13cdc9d9-ddb5-4fa4-a97d-d965ccfc6d4b" outcome="Passed" testListId="8c84fa94-04c1-424b-9868-57a2d4851a1d" relativeResultsDirectory="172ff0ad-5315-4749-b379-c481db96e9f4">
    </UnitTestResult>
    <UnitTestResult executionId="6e8166e3-f79c-41a0-be64-795d5e05f299" testId="9173ea96-4072-4961-31d8-04a919984d14" testName="TestCapNhatQuanLy" computerName="LAPTOP-OTVHORNK" duration="00:00:03.5528282" startTime="2019-11-17T16:55:14.2103867+07:00" endTime="2019-11-17T16:55:17.7743573+07:00" testType="13cdc9d9-ddb5-4fa4-a97d-d965ccfc6d4b" outcome="Passed" testListId="8c84fa94-04c1-424b-9868-57a2d4851a1d" relativeResultsDirectory="6e8166e3-f79c-41a0-be64-795d5e05f299">
    </UnitTestResult>
    <UnitTestResult executionId="61a19ee0-9abe-4d25-8657-2df4762809f9" testId="953a7484-decf-3733-f23c-37e9a601caeb" testName="TestOpenAccess" computerName="LAPTOP-OTVHORNK" duration="00:00:00.0031996" startTime="2019-11-17T16:55:17.7843309+07:00" endTime="2019-11-17T16:55:17.7923086+07:00" testType="13cdc9d9-ddb5-4fa4-a97d-d965ccfc6d4b" outcome="Passed" testListId="8c84fa94-04c1-424b-9868-57a2d4851a1d" relativeResultsDirectory="61a19ee0-9abe-4d25-8657-2df4762809f9">
    </UnitTestResult>
    <UnitTestResult executionId="a10e5cc7-1c3f-429b-827f-50e15015f616" testId="bdc2ad0b-a17d-793d-595d-b3880bff4253" testName="TestThemKhachHang" computerName="LAPTOP-OTVHORNK" duration="00:00:00.0228323" startTime="2019-11-17T16:55:17.8012873+07:00" endTime="2019-11-17T16:55:17.8272506+07:00" testType="13cdc9d9-ddb5-4fa4-a97d-d965ccfc6d4b" outcome="Failed" testListId="8c84fa94-04c1-424b-9868-57a2d4851a1d" relativeResultsDirectory="a10e5cc7-1c3f-429b-827f-50e15015f616">
      <Output>
        <ErrorInfo>
          <Message>Assert.IsTrue failed. </Message>
          <StackTrace>   at TestProject.UnitTest1.TestThemKhachHang() in C:\Users\NhatMinh\Desktop\Cua-hang-may-anh\TestProject\UnitTest1.cs:line 72
</StackTrace>
        </ErrorInfo>
      </Output>
    </UnitTestResult>
    <UnitTestResult executionId="4e594b2a-75cf-420f-a253-793910c176ca" testId="e9bebd3f-90fd-9879-8748-f8874936dc49" testName="TestThemQuanLyDaTonTai" computerName="LAPTOP-OTVHORNK" duration="00:00:00.9588247" startTime="2019-11-17T16:55:17.8332257+07:00" endTime="2019-11-17T16:55:18.7953550+07:00" testType="13cdc9d9-ddb5-4fa4-a97d-d965ccfc6d4b" outcome="Passed" testListId="8c84fa94-04c1-424b-9868-57a2d4851a1d" relativeResultsDirectory="4e594b2a-75cf-420f-a253-793910c176ca">
    </UnitTestResult>
    <UnitTestResult executionId="0eade854-216c-4485-b28f-b3e35d2097e4" testId="ecef1a11-959f-78a9-e8a3-96ecc98726f4" testName="TestThemQuanLy" computerName="LAPTOP-OTVHORNK" duration="00:00:01.0236532" startTime="2019-11-17T16:55:18.7953550+07:00" endTime="2019-11-17T16:55:19.8162903+07:00" testType="13cdc9d9-ddb5-4fa4-a97d-d965ccfc6d4b" outcome="Failed" testListId="8c84fa94-04c1-424b-9868-57a2d4851a1d" relativeResultsDirectory="0eade854-216c-4485-b28f-b3e35d2097e4">
      <Output>
        <ErrorInfo>
          <Message>Assert.IsFalse failed. </Message>
          <StackTrace>   at TestProject.UnitTest1.TestThemQuanLy() in C:\Users\NhatMinh\Desktop\Cua-hang-may-anh\TestProject\UnitTest1.cs:line 86
</StackTrace>
        </ErrorInfo>
      </Output>
    </UnitTestResult>
  </Results>
</TestRun>