<?xml version="1.0" encoding="UTF-8"?>
<TestRun id="94b5d327-80d7-45ca-a5b6-491547f044b4" name="NhatMinh@LAPTOP-OTVHORNK 2019-11-17 17:51:39" runUser="LAPTOP-OTVHORNK\NhatMinh" xmlns="http://microsoft.com/schemas/VisualStudio/TeamTest/2010">
  <TestSettings name="Local" id="293b60f0-7b6a-4642-86ed-df84e909a222">
    <Description>These are default test settings for a local test run.</Description>
    <Deployment enabled="false" runDeploymentRoot="NhatMinh_LAPTOP-OTVHORNK 2019-11-17 17_51_39">
      <DeploymentItem filename="C:\Users\NhatMinh\Desktop\Cua-hang-may-anh\GiaoDien\bin\Debug\GiaoDien.exe" />
    </Deployment>
    <Execution>
      <TestTypeSpecific />
      <AgentRule name="Execution Agents">
      </AgentRule>
    </Execution>
  </TestSettings>
  <Times creation="2019-11-17T17:51:39.2501412+07:00" queuing="2019-11-17T17:51:39.2640798+07:00" start="2019-11-17T17:51:39.2670735+07:00" finish="2019-11-17T17:51:41.9969453+07:00" />
  <ResultSummary outcome="Completed">
    <Counters total="1" executed="1" passed="1" error="0" failed="0" timeout="0" aborted="0" inconclusive="0" passedButRunAborted="0" notRunnable="0" notExecuted="0" disconnected="0" warning="0" completed="0" inProgress="0" pending="0" />
  </ResultSummary>
  <TestDefinitions>
    <UnitTest name="TestXoaSanPham" storage="c:\users\nhatminh\desktop\cua-hang-may-anh\testproject\bin\debug\testproject.dll" id="63795b99-7221-294b-dfac-86764b12dde5">
      <Execution id="81cb0fea-254b-4957-b8b0-24467ee8ce1b" />
      <TestMethod codeBase="C:/Users/NhatMinh/Desktop/Cua-hang-may-anh/TestProject/bin/Debug/TestProject.DLL" adapterTypeName="Microsoft.VisualStudio.TestTools.TestTypes.Unit.UnitTestAdapter, Microsoft.VisualStudio.QualityTools.Tips.UnitTest.Adapter, Version=10.0.0.0, Culture=neutral, PublicKeyToken=b03f5f7f11d50a3a" className="TestProject.UnitTest1, TestProject, Version=1.0.0.0, Culture=neutral, PublicKeyToken=null" name="TestXoaSanPham" />
    </UnitTest>
  </TestDefinitions>
  <TestLists>
    <TestList name="Results Not in a List" id="8c84fa94-04c1-424b-9868-57a2d4851a1d" />
    <TestList name="All Loaded Results" id="19431567-8539-422a-85d7-44ee4e166bda" />
  </TestLists>
  <TestEntries>
    <TestEntry testId="63795b99-7221-294b-dfac-86764b12dde5" executionId="81cb0fea-254b-4957-b8b0-24467ee8ce1b" testListId="8c84fa94-04c1-424b-9868-57a2d4851a1d" />
  </TestEntries>
  <Results>
    <UnitTestResult executionId="81cb0fea-254b-4957-b8b0-24467ee8ce1b" testId="63795b99-7221-294b-dfac-86764b12dde5" testName="TestXoaSanPham" computerName="LAPTOP-OTVHORNK" duration="00:00:02.5445653" startTime="2019-11-17T17:51:39.2740522+07:00" endTime="2019-11-17T17:51:41.9789927+07:00" testType="13cdc9d9-ddb5-4fa4-a97d-d965ccfc6d4b" outcome="Passed" testListId="8c84fa94-04c1-424b-9868-57a2d4851a1d" relativeResultsDirectory="81cb0fea-254b-4957-b8b0-24467ee8ce1b">
    </UnitTestResult>
  </Results>
</TestRun>