<?xml version="1.0" encoding="UTF-8"?>
<TestRun id="0a58dcca-7fe0-4586-95f7-2c9064735727" name="NhatMinh@LAPTOP-OTVHORNK 2019-11-17 15:59:11" runUser="LAPTOP-OTVHORNK\NhatMinh" xmlns="http://microsoft.com/schemas/VisualStudio/TeamTest/2010">
  <TestSettings name="Local" id="293b60f0-7b6a-4642-86ed-df84e909a222">
    <Description>These are default test settings for a local test run.</Description>
    <Deployment enabled="false" runDeploymentRoot="NhatMinh_LAPTOP-OTVHORNK 2019-11-17 15_59_11">
      <DeploymentItem filename="C:\Users\NhatMinh\Desktop\Cua-hang-may-anh\GiaoDien\bin\Debug\GiaoDien.exe" />
    </Deployment>
    <Execution>
      <TestTypeSpecific />
      <AgentRule name="Execution Agents">
      </AgentRule>
    </Execution>
  </TestSettings>
  <Times creation="2019-11-17T15:59:11.3886352+07:00" queuing="2019-11-17T15:59:11.4042391+07:00" start="2019-11-17T15:59:11.4042391+07:00" finish="2019-11-17T15:59:15.8121235+07:00" />
  <ResultSummary outcome="Completed">
    <Counters total="3" executed="3" passed="3" error="0" failed="0" timeout="0" aborted="0" inconclusive="0" passedButRunAborted="0" notRunnable="0" notExecuted="0" disconnected="0" warning="0" completed="0" inProgress="0" pending="0" />
  </ResultSummary>
  <TestDefinitions>
    <UnitTest name="TestThemKhachHang" storage="c:\users\nhatminh\desktop\cua-hang-may-anh\testproject\bin\debug\testproject.dll" id="bdc2ad0b-a17d-793d-595d-b3880bff4253">
      <Execution id="6132f205-b7d2-44cd-b2bb-dd436514e94b" />
      <TestMethod codeBase="C:/Users/NhatMinh/Desktop/Cua-hang-may-anh/TestProject/bin/Debug/TestProject.DLL" adapterTypeName="Microsoft.VisualStudio.TestTools.TestTypes.Unit.UnitTestAdapter, Microsoft.VisualStudio.QualityTools.Tips.UnitTest.Adapter, Version=10.0.0.0, Culture=neutral, PublicKeyToken=b03f5f7f11d50a3a" className="TestProject.UnitTest1, TestProject, Version=1.0.0.0, Culture=neutral, PublicKeyToken=null" name="TestThemKhachHang" />
    </UnitTest>
    <UnitTest name="TestDataSet_LoadData" storage="c:\users\nhatminh\desktop\cua-hang-may-anh\testproject\bin\debug\testproject.dll" id="40ee7bf2-d17b-a2d1-8457-ad6e71252d06">
      <Execution id="a2b22aa0-63e5-4ac3-a22f-759a202c1797" />
      <TestMethod codeBase="C:/Users/NhatMinh/Desktop/Cua-hang-may-anh/TestProject/bin/Debug/TestProject.DLL" adapterTypeName="Microsoft.VisualStudio.TestTools.TestTypes.Unit.UnitTestAdapter, Microsoft.VisualStudio.QualityTools.Tips.UnitTest.Adapter, Version=10.0.0.0, Culture=neutral, PublicKeyToken=b03f5f7f11d50a3a" className="TestProject.UnitTest1, TestProject, Version=1.0.0.0, Culture=neutral, PublicKeyToken=null" name="TestDataSet_LoadData" />
    </UnitTest>
    <UnitTest name="TestOpenAccess" storage="c:\users\nhatminh\desktop\cua-hang-may-anh\testproject\bin\debug\testproject.dll" id="953a7484-decf-3733-f23c-37e9a601caeb">
      <Execution id="460952ba-4076-47cc-aa69-7bc416b82c00" />
      <TestMethod codeBase="C:/Users/NhatMinh/Desktop/Cua-hang-may-anh/TestProject/bin/Debug/TestProject.DLL" adapterTypeName="Microsoft.VisualStudio.TestTools.TestTypes.Unit.UnitTestAdapter, Microsoft.VisualStudio.QualityTools.Tips.UnitTest.Adapter, Version=10.0.0.0, Culture=neutral, PublicKeyToken=b03f5f7f11d50a3a" className="TestProject.UnitTest1, TestProject, Version=1.0.0.0, Culture=neutral, PublicKeyToken=null" name="TestOpenAccess" />
    </UnitTest>
  </TestDefinitions>
  <TestLists>
    <TestList name="Results Not in a List" id="8c84fa94-04c1-424b-9868-57a2d4851a1d" />
    <TestList name="All Loaded Results" id="19431567-8539-422a-85d7-44ee4e166bda" />
  </TestLists>
  <TestEntries>
    <TestEntry testId="40ee7bf2-d17b-a2d1-8457-ad6e71252d06" executionId="a2b22aa0-63e5-4ac3-a22f-759a202c1797" testListId="8c84fa94-04c1-424b-9868-57a2d4851a1d" />
    <TestEntry testId="953a7484-decf-3733-f23c-37e9a601caeb" executionId="460952ba-4076-47cc-aa69-7bc416b82c00" testListId="8c84fa94-04c1-424b-9868-57a2d4851a1d" />
    <TestEntry testId="bdc2ad0b-a17d-793d-595d-b3880bff4253" executionId="6132f205-b7d2-44cd-b2bb-dd436514e94b" testListId="8c84fa94-04c1-424b-9868-57a2d4851a1d" />
  </TestEntries>
  <Results>
    <UnitTestResult executionId="a2b22aa0-63e5-4ac3-a22f-759a202c1797" testId="40ee7bf2-d17b-a2d1-8457-ad6e71252d06" testName="TestDataSet_LoadData" computerName="LAPTOP-OTVHORNK" duration="00:00:00.1328726" startTime="2019-11-17T15:59:11.4042391+07:00" endTime="2019-11-17T15:59:11.7101653+07:00" testType="13cdc9d9-ddb5-4fa4-a97d-d965ccfc6d4b" outcome="Passed" testListId="8c84fa94-04c1-424b-9868-57a2d4851a1d" relativeResultsDirectory="a2b22aa0-63e5-4ac3-a22f-759a202c1797">
    </UnitTestResult>
    <UnitTestResult executionId="460952ba-4076-47cc-aa69-7bc416b82c00" testId="953a7484-decf-3733-f23c-37e9a601caeb" testName="TestOpenAccess" computerName="LAPTOP-OTVHORNK" duration="00:00:00.0031741" startTime="2019-11-17T15:59:11.7151507+07:00" endTime="2019-11-17T15:59:11.7211618+07:00" testType="13cdc9d9-ddb5-4fa4-a97d-d965ccfc6d4b" outcome="Passed" testListId="8c84fa94-04c1-424b-9868-57a2d4851a1d" relativeResultsDirectory="460952ba-4076-47cc-aa69-7bc416b82c00">
    </UnitTestResult>
    <UnitTestResult executionId="6132f205-b7d2-44cd-b2bb-dd436514e94b" testId="bdc2ad0b-a17d-793d-595d-b3880bff4253" testName="TestThemKhachHang" computerName="LAPTOP-OTVHORNK" duration="00:00:04.0228377" startTime="2019-11-17T15:59:11.7261575+07:00" endTime="2019-11-17T15:59:15.7490308+07:00" testType="13cdc9d9-ddb5-4fa4-a97d-d965ccfc6d4b" outcome="Passed" testListId="8c84fa94-04c1-424b-9868-57a2d4851a1d" relativeResultsDirectory="6132f205-b7d2-44cd-b2bb-dd436514e94b">
    </UnitTestResult>
  </Results>
</TestRun>