<?xml version="1.0" encoding="UTF-8"?>
<TestRun id="1a2cc168-ef93-421b-ae7b-3533d976dd31" name="NhatMinh@LAPTOP-OTVHORNK 2019-11-17 17:47:38" runUser="LAPTOP-OTVHORNK\NhatMinh" xmlns="http://microsoft.com/schemas/VisualStudio/TeamTest/2010">
  <TestSettings name="Local" id="293b60f0-7b6a-4642-86ed-df84e909a222">
    <Description>These are default test settings for a local test run.</Description>
    <Deployment enabled="false" runDeploymentRoot="NhatMinh_LAPTOP-OTVHORNK 2019-11-17 17_47_38">
      <DeploymentItem filename="C:\Users\NhatMinh\Desktop\Cua-hang-may-anh\GiaoDien\bin\Debug\GiaoDien.exe" />
    </Deployment>
    <Execution>
      <TestTypeSpecific />
      <AgentRule name="Execution Agents">
      </AgentRule>
    </Execution>
  </TestSettings>
  <Times creation="2019-11-17T17:47:38.7743839+07:00" queuing="2019-11-17T17:47:38.7891995+07:00" start="2019-11-17T17:47:38.7931970+07:00" finish="2019-11-17T17:47:39.0850570+07:00" />
  <ResultSummary outcome="Completed">
    <Counters total="1" executed="1" passed="1" error="0" failed="0" timeout="0" aborted="0" inconclusive="0" passedButRunAborted="0" notRunnable="0" notExecuted="0" disconnected="0" warning="0" completed="0" inProgress="0" pending="0" />
  </ResultSummary>
  <TestDefinitions>
    <UnitTest name="TestSuaSanPham" storage="c:\users\nhatminh\desktop\cua-hang-may-anh\testproject\bin\debug\testproject.dll" id="0388755e-c2a6-7f85-a3ab-6668e16be425">
      <Execution id="c2b2a116-c783-4608-9201-506f3f400280" />
      <TestMethod codeBase="C:/Users/NhatMinh/Desktop/Cua-hang-may-anh/TestProject/bin/Debug/TestProject.DLL" adapterTypeName="Microsoft.VisualStudio.TestTools.TestTypes.Unit.UnitTestAdapter, Microsoft.VisualStudio.QualityTools.Tips.UnitTest.Adapter, Version=10.0.0.0, Culture=neutral, PublicKeyToken=b03f5f7f11d50a3a" className="TestProject.UnitTest1, TestProject, Version=1.0.0.0, Culture=neutral, PublicKeyToken=null" name="TestSuaSanPham" />
    </UnitTest>
  </TestDefinitions>
  <TestLists>
    <TestList name="Results Not in a List" id="8c84fa94-04c1-424b-9868-57a2d4851a1d" />
    <TestList name="All Loaded Results" id="19431567-8539-422a-85d7-44ee4e166bda" />
  </TestLists>
  <TestEntries>
    <TestEntry testId="0388755e-c2a6-7f85-a3ab-6668e16be425" executionId="c2b2a116-c783-4608-9201-506f3f400280" testListId="8c84fa94-04c1-424b-9868-57a2d4851a1d" />
  </TestEntries>
  <Results>
    <UnitTestResult executionId="c2b2a116-c783-4608-9201-506f3f400280" testId="0388755e-c2a6-7f85-a3ab-6668e16be425" testName="TestSuaSanPham" computerName="LAPTOP-OTVHORNK" duration="00:00:00.1085382" startTime="2019-11-17T17:47:38.8021534+07:00" endTime="2019-11-17T17:47:39.0711205+07:00" testType="13cdc9d9-ddb5-4fa4-a97d-d965ccfc6d4b" outcome="Passed" testListId="8c84fa94-04c1-424b-9868-57a2d4851a1d" relativeResultsDirectory="c2b2a116-c783-4608-9201-506f3f400280">
    </UnitTestResult>
  </Results>
</TestRun>