<?xml version="1.0" encoding="UTF-8"?>
<TestRun id="cd474c06-a8d2-4dd7-886d-342de1bc6c70" name="NhatMinh@LAPTOP-OTVHORNK 2019-11-17 15:02:24" runUser="LAPTOP-OTVHORNK\NhatMinh" xmlns="http://microsoft.com/schemas/VisualStudio/TeamTest/2010">
  <TestSettings name="Local" id="293b60f0-7b6a-4642-86ed-df84e909a222">
    <Description>These are default test settings for a local test run.</Description>
    <Deployment enabled="false" runDeploymentRoot="NhatMinh_LAPTOP-OTVHORNK 2019-11-17 15_02_24">
      <DeploymentItem filename="C:\Users\NhatMinh\Desktop\Cua-hang-may-anh\GiaoDien\bin\Debug\GiaoDien.exe" />
    </Deployment>
    <Execution>
      <TestTypeSpecific />
      <AgentRule name="Execution Agents">
      </AgentRule>
    </Execution>
  </TestSettings>
  <Times creation="2019-11-17T15:02:24.3587235+07:00" queuing="2019-11-17T15:02:24.3587235+07:00" start="2019-11-17T15:02:24.3587235+07:00" finish="2019-11-17T15:02:24.7336100+07:00" />
  <ResultSummary outcome="Failed">
    <Counters total="1" executed="1" error="0" failed="1" timeout="0" aborted="0" inconclusive="0" passedButRunAborted="0" notRunnable="0" notExecuted="0" disconnected="0" warning="0" passed="0" completed="0" inProgress="0" pending="0" />
  </ResultSummary>
  <TestDefinitions>
    <UnitTest name="TestDataSet_LoadData" storage="c:\users\nhatminh\desktop\cua-hang-may-anh\testproject\bin\debug\testproject.dll" id="40ee7bf2-d17b-a2d1-8457-ad6e71252d06">
      <Execution id="967fc390-e91e-48d1-8c44-771eea5a8648" />
      <TestMethod codeBase="C:/Users/NhatMinh/Desktop/Cua-hang-may-anh/TestProject/bin/Debug/TestProject.DLL" adapterTypeName="Microsoft.VisualStudio.TestTools.TestTypes.Unit.UnitTestAdapter, Microsoft.VisualStudio.QualityTools.Tips.UnitTest.Adapter, Version=10.0.0.0, Culture=neutral, PublicKeyToken=b03f5f7f11d50a3a" className="TestProject.UnitTest1, TestProject, Version=1.0.0.0, Culture=neutral, PublicKeyToken=null" name="TestDataSet_LoadData" />
    </UnitTest>
  </TestDefinitions>
  <TestLists>
    <TestList name="Results Not in a List" id="8c84fa94-04c1-424b-9868-57a2d4851a1d" />
    <TestList name="All Loaded Results" id="19431567-8539-422a-85d7-44ee4e166bda" />
  </TestLists>
  <TestEntries>
    <TestEntry testId="40ee7bf2-d17b-a2d1-8457-ad6e71252d06" executionId="967fc390-e91e-48d1-8c44-771eea5a8648" testListId="8c84fa94-04c1-424b-9868-57a2d4851a1d" />
  </TestEntries>
  <Results>
    <UnitTestResult executionId="967fc390-e91e-48d1-8c44-771eea5a8648" testId="40ee7bf2-d17b-a2d1-8457-ad6e71252d06" testName="TestDataSet_LoadData" computerName="LAPTOP-OTVHORNK" duration="00:00:00.1519350" startTime="2019-11-17T15:02:24.3743187+07:00" endTime="2019-11-17T15:02:24.6867448+07:00" testType="13cdc9d9-ddb5-4fa4-a97d-d965ccfc6d4b" outcome="Failed" testListId="8c84fa94-04c1-424b-9868-57a2d4851a1d" relativeResultsDirectory="967fc390-e91e-48d1-8c44-771eea5a8648">
      <Output>
        <ErrorInfo>
          <Message>Assert.AreEqual failed. Expected:&lt;4&gt;. Actual:&lt;1&gt;. </Message>
          <StackTrace>   at TestProject.UnitTest1.TestDataSet_LoadData() in C:\Users\NhatMinh\Desktop\Cua-hang-may-anh\TestProject\UnitTest1.cs:line 52
</StackTrace>
        </ErrorInfo>
      </Output>
    </UnitTestResult>
  </Results>
</TestRun>