<?xml version="1.0" encoding="UTF-8"?>
<TestRun id="17c343e8-c5f7-4258-8a1b-e7b1f5bcffaa" name="NhatMinh@LAPTOP-OTVHORNK 2019-11-17 16:39:18" runUser="LAPTOP-OTVHORNK\NhatMinh" xmlns="http://microsoft.com/schemas/VisualStudio/TeamTest/2010">
  <TestSettings name="Local" id="293b60f0-7b6a-4642-86ed-df84e909a222">
    <Description>These are default test settings for a local test run.</Description>
    <Deployment enabled="false" runDeploymentRoot="NhatMinh_LAPTOP-OTVHORNK 2019-11-17 16_39_18">
      <DeploymentItem filename="C:\Users\NhatMinh\Desktop\Cua-hang-may-anh\GiaoDien\bin\Debug\GiaoDien.exe" />
    </Deployment>
    <Execution>
      <TestTypeSpecific />
      <AgentRule name="Execution Agents">
      </AgentRule>
    </Execution>
  </TestSettings>
  <Times creation="2019-11-17T16:39:18.4927402+07:00" queuing="2019-11-17T16:39:19.4985626+07:00" start="2019-11-17T16:39:19.5610210+07:00" finish="2019-11-17T16:39:34.9510520+07:00" />
  <ResultSummary outcome="Error">
    <Counters total="4" executed="4" passed="3" error="0" failed="0" timeout="0" aborted="1" inconclusive="0" passedButRunAborted="0" notRunnable="0" notExecuted="0" disconnected="0" warning="0" completed="0" inProgress="0" pending="0" />
    <RunInfos>
      <RunInfo computerName="LAPTOP-OTVHORNK" outcome="Error" timestamp="2019-11-17T16:39:34.9510520+07:00">
        <Text>Test host process exited unexpectedly.</Text>
      </RunInfo>
    </RunInfos>
  </ResultSummary>
  <TestDefinitions>
    <UnitTest name="TestThemKhachHangDaTonTai" storage="c:\users\nhatminh\desktop\cua-hang-may-anh\testproject\bin\debug\testproject.dll" id="54967f4b-acf4-7b49-f72a-893f2e8e86df">
      <Execution id="ad6716b5-155d-417f-9a90-42731ab2c04c" />
      <TestMethod codeBase="C:/Users/NhatMinh/Desktop/Cua-hang-may-anh/TestProject/bin/Debug/TestProject.DLL" adapterTypeName="Microsoft.VisualStudio.TestTools.TestTypes.Unit.UnitTestAdapter, Microsoft.VisualStudio.QualityTools.Tips.UnitTest.Adapter, Version=10.0.0.0, Culture=neutral, PublicKeyToken=b03f5f7f11d50a3a" className="TestProject.UnitTest1, TestProject, Version=1.0.0.0, Culture=neutral, PublicKeyToken=null" name="TestThemKhachHangDaTonTai" />
    </UnitTest>
    <UnitTest name="TestDataSet_LoadData" storage="c:\users\nhatminh\desktop\cua-hang-may-anh\testproject\bin\debug\testproject.dll" id="40ee7bf2-d17b-a2d1-8457-ad6e71252d06">
      <Execution id="aa06fa59-cc4d-438d-b1e4-582361b4bf6a" />
      <TestMethod codeBase="C:/Users/NhatMinh/Desktop/Cua-hang-may-anh/TestProject/bin/Debug/TestProject.DLL" adapterTypeName="Microsoft.VisualStudio.TestTools.TestTypes.Unit.UnitTestAdapter, Microsoft.VisualStudio.QualityTools.Tips.UnitTest.Adapter, Version=10.0.0.0, Culture=neutral, PublicKeyToken=b03f5f7f11d50a3a" className="TestProject.UnitTest1, TestProject, Version=1.0.0.0, Culture=neutral, PublicKeyToken=null" name="TestDataSet_LoadData" />
    </UnitTest>
    <UnitTest name="TestOpenAccess" storage="c:\users\nhatminh\desktop\cua-hang-may-anh\testproject\bin\debug\testproject.dll" id="953a7484-decf-3733-f23c-37e9a601caeb">
      <Execution id="1c6fb951-94e2-41f8-9213-76cb5d9f67b3" />
      <TestMethod codeBase="C:/Users/NhatMinh/Desktop/Cua-hang-may-anh/TestProject/bin/Debug/TestProject.DLL" adapterTypeName="Microsoft.VisualStudio.TestTools.TestTypes.Unit.UnitTestAdapter, Microsoft.VisualStudio.QualityTools.Tips.UnitTest.Adapter, Version=10.0.0.0, Culture=neutral, PublicKeyToken=b03f5f7f11d50a3a" className="TestProject.UnitTest1, TestProject, Version=1.0.0.0, Culture=neutral, PublicKeyToken=null" name="TestOpenAccess" />
    </UnitTest>
    <UnitTest name="TestThemKhachHangRong" storage="c:\users\nhatminh\desktop\cua-hang-may-anh\testproject\bin\debug\testproject.dll" id="53b077f5-e536-beb2-270d-3722ea88bfb4">
      <Execution id="3f0b7922-ca3d-4487-aab7-d7fa677c6443" />
      <TestMethod codeBase="C:/Users/NhatMinh/Desktop/Cua-hang-may-anh/TestProject/bin/Debug/TestProject.DLL" adapterTypeName="Microsoft.VisualStudio.TestTools.TestTypes.Unit.UnitTestAdapter, Microsoft.VisualStudio.QualityTools.Tips.UnitTest.Adapter, Version=10.0.0.0, Culture=neutral, PublicKeyToken=b03f5f7f11d50a3a" className="TestProject.UnitTest1, TestProject, Version=1.0.0.0, Culture=neutral, PublicKeyToken=null" name="TestThemKhachHangRong" />
    </UnitTest>
  </TestDefinitions>
  <TestLists>
    <TestList name="Results Not in a List" id="8c84fa94-04c1-424b-9868-57a2d4851a1d" />
    <TestList name="All Loaded Results" id="19431567-8539-422a-85d7-44ee4e166bda" />
  </TestLists>
  <TestEntries>
    <TestEntry testId="953a7484-decf-3733-f23c-37e9a601caeb" executionId="1c6fb951-94e2-41f8-9213-76cb5d9f67b3" testListId="8c84fa94-04c1-424b-9868-57a2d4851a1d" />
    <TestEntry testId="40ee7bf2-d17b-a2d1-8457-ad6e71252d06" executionId="aa06fa59-cc4d-438d-b1e4-582361b4bf6a" testListId="8c84fa94-04c1-424b-9868-57a2d4851a1d" />
    <TestEntry testId="53b077f5-e536-beb2-270d-3722ea88bfb4" executionId="3f0b7922-ca3d-4487-aab7-d7fa677c6443" testListId="8c84fa94-04c1-424b-9868-57a2d4851a1d" />
    <TestEntry testId="54967f4b-acf4-7b49-f72a-893f2e8e86df" executionId="ad6716b5-155d-417f-9a90-42731ab2c04c" testListId="8c84fa94-04c1-424b-9868-57a2d4851a1d" />
  </TestEntries>
  <Results>
    <UnitTestResult executionId="1c6fb951-94e2-41f8-9213-76cb5d9f67b3" testId="953a7484-decf-3733-f23c-37e9a601caeb" testName="TestOpenAccess" computerName="LAPTOP-OTVHORNK" duration="00:00:00.1049624" startTime="2019-11-17T16:39:19.6079258+07:00" endTime="2019-11-17T16:39:20.1702536+07:00" testType="13cdc9d9-ddb5-4fa4-a97d-d965ccfc6d4b" outcome="Passed" testListId="8c84fa94-04c1-424b-9868-57a2d4851a1d" relativeResultsDirectory="1c6fb951-94e2-41f8-9213-76cb5d9f67b3">
    </UnitTestResult>
    <UnitTestResult executionId="aa06fa59-cc4d-438d-b1e4-582361b4bf6a" testId="40ee7bf2-d17b-a2d1-8457-ad6e71252d06" testName="TestDataSet_LoadData" computerName="LAPTOP-OTVHORNK" duration="00:00:00.0880402" startTime="2019-11-17T16:39:20.1858736+07:00" endTime="2019-11-17T16:39:20.2796381+07:00" testType="13cdc9d9-ddb5-4fa4-a97d-d965ccfc6d4b" outcome="Passed" testListId="8c84fa94-04c1-424b-9868-57a2d4851a1d" relativeResultsDirectory="aa06fa59-cc4d-438d-b1e4-582361b4bf6a">
    </UnitTestResult>
    <UnitTestResult executionId="3f0b7922-ca3d-4487-aab7-d7fa677c6443" testId="53b077f5-e536-beb2-270d-3722ea88bfb4" testName="TestThemKhachHangRong" computerName="LAPTOP-OTVHORNK" duration="00:00:00.0007258" startTime="2019-11-17T16:39:20.2952226+07:00" endTime="2019-11-17T16:39:20.2952226+07:00" testType="13cdc9d9-ddb5-4fa4-a97d-d965ccfc6d4b" outcome="Passed" testListId="8c84fa94-04c1-424b-9868-57a2d4851a1d" relativeResultsDirectory="3f0b7922-ca3d-4487-aab7-d7fa677c6443">
    </UnitTestResult>
    <UnitTestResult executionId="ad6716b5-155d-417f-9a90-42731ab2c04c" testId="54967f4b-acf4-7b49-f72a-893f2e8e86df" testName="TestThemKhachHangDaTonTai" computerName="LAPTOP-OTVHORNK" duration="00:00:14.6402060" startTime="2019-11-17T16:39:20.3108460+07:00" endTime="2019-11-17T16:39:34.9510520+07:00" testType="13cdc9d9-ddb5-4fa4-a97d-d965ccfc6d4b" outcome="Aborted" testListId="8c84fa94-04c1-424b-9868-57a2d4851a1d" relativeResultsDirectory="ad6716b5-155d-417f-9a90-42731ab2c04c">
    </UnitTestResult>
  </Results>
</TestRun>