<?xml version="1.0" encoding="UTF-8"?>
<TestRun id="9bbfb314-e661-4b0b-afd8-8727e639b686" name="NhatMinh@LAPTOP-OTVHORNK 2019-11-17 17:07:21" runUser="LAPTOP-OTVHORNK\NhatMinh" xmlns="http://microsoft.com/schemas/VisualStudio/TeamTest/2010">
  <TestSettings name="Local" id="293b60f0-7b6a-4642-86ed-df84e909a222">
    <Description>These are default test settings for a local test run.</Description>
    <Deployment enabled="false" runDeploymentRoot="NhatMinh_LAPTOP-OTVHORNK 2019-11-17 17_07_21">
      <DeploymentItem filename="C:\Users\NhatMinh\Desktop\Cua-hang-may-anh\GiaoDien\bin\Debug\GiaoDien.exe" />
    </Deployment>
    <Execution>
      <TestTypeSpecific />
      <AgentRule name="Execution Agents">
      </AgentRule>
    </Execution>
  </TestSettings>
  <Times creation="2019-11-17T17:07:21.0039191+07:00" queuing="2019-11-17T17:07:21.0318457+07:00" start="2019-11-17T17:07:21.0388272+07:00" finish="2019-11-17T17:07:24.9163544+07:00" />
  <ResultSummary outcome="Completed">
    <Counters total="9" executed="9" passed="9" error="0" failed="0" timeout="0" aborted="0" inconclusive="0" passedButRunAborted="0" notRunnable="0" notExecuted="0" disconnected="0" warning="0" completed="0" inProgress="0" pending="0" />
  </ResultSummary>
  <TestDefinitions>
    <UnitTest name="TestOpenAccess" storage="c:\users\nhatminh\desktop\cua-hang-may-anh\testproject\bin\debug\testproject.dll" id="953a7484-decf-3733-f23c-37e9a601caeb">
      <Execution id="8b54c295-48be-4521-8984-82cb9d26b934" />
      <TestMethod codeBase="C:/Users/NhatMinh/Desktop/Cua-hang-may-anh/TestProject/bin/Debug/TestProject.DLL" adapterTypeName="Microsoft.VisualStudio.TestTools.TestTypes.Unit.UnitTestAdapter, Microsoft.VisualStudio.QualityTools.Tips.UnitTest.Adapter, Version=10.0.0.0, Culture=neutral, PublicKeyToken=b03f5f7f11d50a3a" className="TestProject.UnitTest1, TestProject, Version=1.0.0.0, Culture=neutral, PublicKeyToken=null" name="TestOpenAccess" />
    </UnitTest>
    <UnitTest name="TestThemQuanLyDaTonTai" storage="c:\users\nhatminh\desktop\cua-hang-may-anh\testproject\bin\debug\testproject.dll" id="e9bebd3f-90fd-9879-8748-f8874936dc49">
      <Execution id="2b065357-1824-4ef8-92cb-ceca071ade52" />
      <TestMethod codeBase="C:/Users/NhatMinh/Desktop/Cua-hang-may-anh/TestProject/bin/Debug/TestProject.DLL" adapterTypeName="Microsoft.VisualStudio.TestTools.TestTypes.Unit.UnitTestAdapter, Microsoft.VisualStudio.QualityTools.Tips.UnitTest.Adapter, Version=10.0.0.0, Culture=neutral, PublicKeyToken=b03f5f7f11d50a3a" className="TestProject.UnitTest1, TestProject, Version=1.0.0.0, Culture=neutral, PublicKeyToken=null" name="TestThemQuanLyDaTonTai" />
    </UnitTest>
    <UnitTest name="TestThemKhachHangDaTonTai" storage="c:\users\nhatminh\desktop\cua-hang-may-anh\testproject\bin\debug\testproject.dll" id="54967f4b-acf4-7b49-f72a-893f2e8e86df">
      <Execution id="621ed8c3-0fba-4ef3-b3ac-733a11c709e2" />
      <TestMethod codeBase="C:/Users/NhatMinh/Desktop/Cua-hang-may-anh/TestProject/bin/Debug/TestProject.DLL" adapterTypeName="Microsoft.VisualStudio.TestTools.TestTypes.Unit.UnitTestAdapter, Microsoft.VisualStudio.QualityTools.Tips.UnitTest.Adapter, Version=10.0.0.0, Culture=neutral, PublicKeyToken=b03f5f7f11d50a3a" className="TestProject.UnitTest1, TestProject, Version=1.0.0.0, Culture=neutral, PublicKeyToken=null" name="TestThemKhachHangDaTonTai" />
    </UnitTest>
    <UnitTest name="TestCapNhatQuanLyKhongTonTai" storage="c:\users\nhatminh\desktop\cua-hang-may-anh\testproject\bin\debug\testproject.dll" id="d6b80e7a-e722-8e84-2413-8783ded70058">
      <Execution id="36f03be5-b534-4347-8fae-b3d7c0cda1c7" />
      <TestMethod codeBase="C:/Users/NhatMinh/Desktop/Cua-hang-may-anh/TestProject/bin/Debug/TestProject.DLL" adapterTypeName="Microsoft.VisualStudio.TestTools.TestTypes.Unit.UnitTestAdapter, Microsoft.VisualStudio.QualityTools.Tips.UnitTest.Adapter, Version=10.0.0.0, Culture=neutral, PublicKeyToken=b03f5f7f11d50a3a" className="TestProject.UnitTest1, TestProject, Version=1.0.0.0, Culture=neutral, PublicKeyToken=null" name="TestCapNhatQuanLyKhongTonTai" />
    </UnitTest>
    <UnitTest name="TestThemKhachHang" storage="c:\users\nhatminh\desktop\cua-hang-may-anh\testproject\bin\debug\testproject.dll" id="bdc2ad0b-a17d-793d-595d-b3880bff4253">
      <Execution id="7f853a54-9367-48b6-a21b-60ea17e5e59e" />
      <TestMethod codeBase="C:/Users/NhatMinh/Desktop/Cua-hang-may-anh/TestProject/bin/Debug/TestProject.DLL" adapterTypeName="Microsoft.VisualStudio.TestTools.TestTypes.Unit.UnitTestAdapter, Microsoft.VisualStudio.QualityTools.Tips.UnitTest.Adapter, Version=10.0.0.0, Culture=neutral, PublicKeyToken=b03f5f7f11d50a3a" className="TestProject.UnitTest1, TestProject, Version=1.0.0.0, Culture=neutral, PublicKeyToken=null" name="TestThemKhachHang" />
    </UnitTest>
    <UnitTest name="TestThemQuanLy" storage="c:\users\nhatminh\desktop\cua-hang-may-anh\testproject\bin\debug\testproject.dll" id="ecef1a11-959f-78a9-e8a3-96ecc98726f4">
      <Execution id="36c683ef-aa6e-440e-9651-20fd32a7c3e0" />
      <TestMethod codeBase="C:/Users/NhatMinh/Desktop/Cua-hang-may-anh/TestProject/bin/Debug/TestProject.DLL" adapterTypeName="Microsoft.VisualStudio.TestTools.TestTypes.Unit.UnitTestAdapter, Microsoft.VisualStudio.QualityTools.Tips.UnitTest.Adapter, Version=10.0.0.0, Culture=neutral, PublicKeyToken=b03f5f7f11d50a3a" className="TestProject.UnitTest1, TestProject, Version=1.0.0.0, Culture=neutral, PublicKeyToken=null" name="TestThemQuanLy" />
    </UnitTest>
    <UnitTest name="TestDataSet_LoadData" storage="c:\users\nhatminh\desktop\cua-hang-may-anh\testproject\bin\debug\testproject.dll" id="40ee7bf2-d17b-a2d1-8457-ad6e71252d06">
      <Execution id="4d960a5a-611f-4ca2-9a45-6368191c93a8" />
      <TestMethod codeBase="C:/Users/NhatMinh/Desktop/Cua-hang-may-anh/TestProject/bin/Debug/TestProject.DLL" adapterTypeName="Microsoft.VisualStudio.TestTools.TestTypes.Unit.UnitTestAdapter, Microsoft.VisualStudio.QualityTools.Tips.UnitTest.Adapter, Version=10.0.0.0, Culture=neutral, PublicKeyToken=b03f5f7f11d50a3a" className="TestProject.UnitTest1, TestProject, Version=1.0.0.0, Culture=neutral, PublicKeyToken=null" name="TestDataSet_LoadData" />
    </UnitTest>
    <UnitTest name="TestThemKhachHangRong" storage="c:\users\nhatminh\desktop\cua-hang-may-anh\testproject\bin\debug\testproject.dll" id="53b077f5-e536-beb2-270d-3722ea88bfb4">
      <Execution id="b5de015d-163d-4ada-887f-3c34f2d8ebac" />
      <TestMethod codeBase="C:/Users/NhatMinh/Desktop/Cua-hang-may-anh/TestProject/bin/Debug/TestProject.DLL" adapterTypeName="Microsoft.VisualStudio.TestTools.TestTypes.Unit.UnitTestAdapter, Microsoft.VisualStudio.QualityTools.Tips.UnitTest.Adapter, Version=10.0.0.0, Culture=neutral, PublicKeyToken=b03f5f7f11d50a3a" className="TestProject.UnitTest1, TestProject, Version=1.0.0.0, Culture=neutral, PublicKeyToken=null" name="TestThemKhachHangRong" />
    </UnitTest>
    <UnitTest name="TestCapNhatQuanLy" storage="c:\users\nhatminh\desktop\cua-hang-may-anh\testproject\bin\debug\testproject.dll" id="9173ea96-4072-4961-31d8-04a919984d14">
      <Execution id="eff8de82-1ed2-4fb9-ad8a-f9d0632a7894" />
      <TestMethod codeBase="C:/Users/NhatMinh/Desktop/Cua-hang-may-anh/TestProject/bin/Debug/TestProject.DLL" adapterTypeName="Microsoft.VisualStudio.TestTools.TestTypes.Unit.UnitTestAdapter, Microsoft.VisualStudio.QualityTools.Tips.UnitTest.Adapter, Version=10.0.0.0, Culture=neutral, PublicKeyToken=b03f5f7f11d50a3a" className="TestProject.UnitTest1, TestProject, Version=1.0.0.0, Culture=neutral, PublicKeyToken=null" name="TestCapNhatQuanLy" />
    </UnitTest>
  </TestDefinitions>
  <TestLists>
    <TestList name="Results Not in a List" id="8c84fa94-04c1-424b-9868-57a2d4851a1d" />
    <TestList name="All Loaded Results" id="19431567-8539-422a-85d7-44ee4e166bda" />
  </TestLists>
  <TestEntries>
    <TestEntry testId="40ee7bf2-d17b-a2d1-8457-ad6e71252d06" executionId="4d960a5a-611f-4ca2-9a45-6368191c93a8" testListId="8c84fa94-04c1-424b-9868-57a2d4851a1d" />
    <TestEntry testId="53b077f5-e536-beb2-270d-3722ea88bfb4" executionId="b5de015d-163d-4ada-887f-3c34f2d8ebac" testListId="8c84fa94-04c1-424b-9868-57a2d4851a1d" />
    <TestEntry testId="54967f4b-acf4-7b49-f72a-893f2e8e86df" executionId="621ed8c3-0fba-4ef3-b3ac-733a11c709e2" testListId="8c84fa94-04c1-424b-9868-57a2d4851a1d" />
    <TestEntry testId="9173ea96-4072-4961-31d8-04a919984d14" executionId="eff8de82-1ed2-4fb9-ad8a-f9d0632a7894" testListId="8c84fa94-04c1-424b-9868-57a2d4851a1d" />
    <TestEntry testId="953a7484-decf-3733-f23c-37e9a601caeb" executionId="8b54c295-48be-4521-8984-82cb9d26b934" testListId="8c84fa94-04c1-424b-9868-57a2d4851a1d" />
    <TestEntry testId="bdc2ad0b-a17d-793d-595d-b3880bff4253" executionId="7f853a54-9367-48b6-a21b-60ea17e5e59e" testListId="8c84fa94-04c1-424b-9868-57a2d4851a1d" />
    <TestEntry testId="d6b80e7a-e722-8e84-2413-8783ded70058" executionId="36f03be5-b534-4347-8fae-b3d7c0cda1c7" testListId="8c84fa94-04c1-424b-9868-57a2d4851a1d" />
    <TestEntry testId="e9bebd3f-90fd-9879-8748-f8874936dc49" executionId="2b065357-1824-4ef8-92cb-ceca071ade52" testListId="8c84fa94-04c1-424b-9868-57a2d4851a1d" />
    <TestEntry testId="ecef1a11-959f-78a9-e8a3-96ecc98726f4" executionId="36c683ef-aa6e-440e-9651-20fd32a7c3e0" testListId="8c84fa94-04c1-424b-9868-57a2d4851a1d" />
  </TestEntries>
  <Results>
    <UnitTestResult executionId="4d960a5a-611f-4ca2-9a45-6368191c93a8" testId="40ee7bf2-d17b-a2d1-8457-ad6e71252d06" testName="TestDataSet_LoadData" computerName="LAPTOP-OTVHORNK" duration="00:00:00.0905913" startTime="2019-11-17T17:07:21.0468046+07:00" endTime="2019-11-17T17:07:21.3183179+07:00" testType="13cdc9d9-ddb5-4fa4-a97d-d965ccfc6d4b" outcome="Passed" testListId="8c84fa94-04c1-424b-9868-57a2d4851a1d" relativeResultsDirectory="4d960a5a-611f-4ca2-9a45-6368191c93a8">
    </UnitTestResult>
    <UnitTestResult executionId="b5de015d-163d-4ada-887f-3c34f2d8ebac" testId="53b077f5-e536-beb2-270d-3722ea88bfb4" testName="TestThemKhachHangRong" computerName="LAPTOP-OTVHORNK" duration="00:00:00.0008017" startTime="2019-11-17T17:07:21.3242741+07:00" endTime="2019-11-17T17:07:21.3293106+07:00" testType="13cdc9d9-ddb5-4fa4-a97d-d965ccfc6d4b" outcome="Passed" testListId="8c84fa94-04c1-424b-9868-57a2d4851a1d" relativeResultsDirectory="b5de015d-163d-4ada-887f-3c34f2d8ebac">
    </UnitTestResult>
    <UnitTestResult executionId="621ed8c3-0fba-4ef3-b3ac-733a11c709e2" testId="54967f4b-acf4-7b49-f72a-893f2e8e86df" testName="TestThemKhachHangDaTonTai" computerName="LAPTOP-OTVHORNK" duration="00:00:00.0368360" startTime="2019-11-17T17:07:21.3352446+07:00" endTime="2019-11-17T17:07:21.3751994+07:00" testType="13cdc9d9-ddb5-4fa4-a97d-d965ccfc6d4b" outcome="Passed" testListId="8c84fa94-04c1-424b-9868-57a2d4851a1d" relativeResultsDirectory="621ed8c3-0fba-4ef3-b3ac-733a11c709e2">
    </UnitTestResult>
    <UnitTestResult executionId="eff8de82-1ed2-4fb9-ad8a-f9d0632a7894" testId="9173ea96-4072-4961-31d8-04a919984d14" testName="TestCapNhatQuanLy" computerName="LAPTOP-OTVHORNK" duration="00:00:00.0145840" startTime="2019-11-17T17:07:21.3811547+07:00" endTime="2019-11-17T17:07:21.3991249+07:00" testType="13cdc9d9-ddb5-4fa4-a97d-d965ccfc6d4b" outcome="Passed" testListId="8c84fa94-04c1-424b-9868-57a2d4851a1d" relativeResultsDirectory="eff8de82-1ed2-4fb9-ad8a-f9d0632a7894">
    </UnitTestResult>
    <UnitTestResult executionId="8b54c295-48be-4521-8984-82cb9d26b934" testId="953a7484-decf-3733-f23c-37e9a601caeb" testName="TestOpenAccess" computerName="LAPTOP-OTVHORNK" duration="00:00:00.0020904" startTime="2019-11-17T17:07:21.4050994+07:00" endTime="2019-11-17T17:07:21.4111109+07:00" testType="13cdc9d9-ddb5-4fa4-a97d-d965ccfc6d4b" outcome="Passed" testListId="8c84fa94-04c1-424b-9868-57a2d4851a1d" relativeResultsDirectory="8b54c295-48be-4521-8984-82cb9d26b934">
    </UnitTestResult>
    <UnitTestResult executionId="7f853a54-9367-48b6-a21b-60ea17e5e59e" testId="bdc2ad0b-a17d-793d-595d-b3880bff4253" testName="TestThemKhachHang" computerName="LAPTOP-OTVHORNK" duration="00:00:00.0175832" startTime="2019-11-17T17:07:21.4180776+07:00" endTime="2019-11-17T17:07:21.4390014+07:00" testType="13cdc9d9-ddb5-4fa4-a97d-d965ccfc6d4b" outcome="Passed" testListId="8c84fa94-04c1-424b-9868-57a2d4851a1d" relativeResultsDirectory="7f853a54-9367-48b6-a21b-60ea17e5e59e">
    </UnitTestResult>
    <UnitTestResult executionId="36f03be5-b534-4347-8fae-b3d7c0cda1c7" testId="d6b80e7a-e722-8e84-2413-8783ded70058" testName="TestCapNhatQuanLyKhongTonTai" computerName="LAPTOP-OTVHORNK" duration="00:00:00.0029013" startTime="2019-11-17T17:07:21.4439869+07:00" endTime="2019-11-17T17:07:21.4497730+07:00" testType="13cdc9d9-ddb5-4fa4-a97d-d965ccfc6d4b" outcome="Passed" testListId="8c84fa94-04c1-424b-9868-57a2d4851a1d" relativeResultsDirectory="36f03be5-b534-4347-8fae-b3d7c0cda1c7">
    </UnitTestResult>
    <UnitTestResult executionId="2b065357-1824-4ef8-92cb-ceca071ade52" testId="e9bebd3f-90fd-9879-8748-f8874936dc49" testName="TestThemQuanLyDaTonTai" computerName="LAPTOP-OTVHORNK" duration="00:00:02.8196068" startTime="2019-11-17T17:07:21.4547952+07:00" endTime="2019-11-17T17:07:24.2780632+07:00" testType="13cdc9d9-ddb5-4fa4-a97d-d965ccfc6d4b" outcome="Passed" testListId="8c84fa94-04c1-424b-9868-57a2d4851a1d" relativeResultsDirectory="2b065357-1824-4ef8-92cb-ceca071ade52">
    </UnitTestResult>
    <UnitTestResult executionId="36c683ef-aa6e-440e-9651-20fd32a7c3e0" testId="ecef1a11-959f-78a9-e8a3-96ecc98726f4" testName="TestThemQuanLy" computerName="LAPTOP-OTVHORNK" duration="00:00:00.5623954" startTime="2019-11-17T17:07:24.2890330+07:00" endTime="2019-11-17T17:07:24.8471518+07:00" testType="13cdc9d9-ddb5-4fa4-a97d-d965ccfc6d4b" outcome="Passed" testListId="8c84fa94-04c1-424b-9868-57a2d4851a1d" relativeResultsDirectory="36c683ef-aa6e-440e-9651-20fd32a7c3e0">
    </UnitTestResult>
  </Results>
</TestRun>