<?xml version="1.0" encoding="UTF-8"?>
<TestRun id="cac1881b-d767-4265-9869-2150bafc924f" name="NhatMinh@LAPTOP-OTVHORNK 2019-11-17 17:31:15" runUser="LAPTOP-OTVHORNK\NhatMinh" xmlns="http://microsoft.com/schemas/VisualStudio/TeamTest/2010">
  <TestSettings name="Local" id="293b60f0-7b6a-4642-86ed-df84e909a222">
    <Description>These are default test settings for a local test run.</Description>
    <Deployment enabled="false" runDeploymentRoot="NhatMinh_LAPTOP-OTVHORNK 2019-11-17 17_31_15">
      <DeploymentItem filename="C:\Users\NhatMinh\Desktop\Cua-hang-may-anh\GiaoDien\bin\Debug\GiaoDien.exe" />
    </Deployment>
    <Execution>
      <TestTypeSpecific />
      <AgentRule name="Execution Agents">
      </AgentRule>
    </Execution>
  </TestSettings>
  <Times creation="2019-11-17T17:31:15.6627767+07:00" queuing="2019-11-17T17:31:15.7825482+07:00" start="2019-11-17T17:31:15.7981975+07:00" finish="2019-11-17T17:31:18.2701496+07:00" />
  <ResultSummary outcome="Completed">
    <Counters total="3" executed="3" passed="3" error="0" failed="0" timeout="0" aborted="0" inconclusive="0" passedButRunAborted="0" notRunnable="0" notExecuted="0" disconnected="0" warning="0" completed="0" inProgress="0" pending="0" />
  </ResultSummary>
  <TestDefinitions>
    <UnitTest name="TestThemSanPhamDaTonTai" storage="c:\users\nhatminh\desktop\cua-hang-may-anh\testproject\bin\debug\testproject.dll" id="b9457e69-0aaa-482e-3901-020f2ada3b6f">
      <Execution id="764ca400-f1a2-4306-a9f1-c6255e72042b" />
      <TestMethod codeBase="C:/Users/NhatMinh/Desktop/Cua-hang-may-anh/TestProject/bin/Debug/TestProject.DLL" adapterTypeName="Microsoft.VisualStudio.TestTools.TestTypes.Unit.UnitTestAdapter, Microsoft.VisualStudio.QualityTools.Tips.UnitTest.Adapter, Version=10.0.0.0, Culture=neutral, PublicKeyToken=b03f5f7f11d50a3a" className="TestProject.UnitTest1, TestProject, Version=1.0.0.0, Culture=neutral, PublicKeyToken=null" name="TestThemSanPhamDaTonTai" />
    </UnitTest>
    <UnitTest name="TestThemSanPham" storage="c:\users\nhatminh\desktop\cua-hang-may-anh\testproject\bin\debug\testproject.dll" id="bcd29df2-8813-69e1-a74b-3cc4a2127297">
      <Execution id="b770b6bc-d22f-4407-bfb4-05038739fc6c" />
      <TestMethod codeBase="C:/Users/NhatMinh/Desktop/Cua-hang-may-anh/TestProject/bin/Debug/TestProject.DLL" adapterTypeName="Microsoft.VisualStudio.TestTools.TestTypes.Unit.UnitTestAdapter, Microsoft.VisualStudio.QualityTools.Tips.UnitTest.Adapter, Version=10.0.0.0, Culture=neutral, PublicKeyToken=b03f5f7f11d50a3a" className="TestProject.UnitTest1, TestProject, Version=1.0.0.0, Culture=neutral, PublicKeyToken=null" name="TestThemSanPham" />
    </UnitTest>
    <UnitTest name="TestThemSanPhamThieuThongTin" storage="c:\users\nhatminh\desktop\cua-hang-may-anh\testproject\bin\debug\testproject.dll" id="503e6487-cc97-7bc0-2fe7-1afd080cae9a">
      <Execution id="3d293833-e703-499e-a910-5f7be0735355" />
      <TestMethod codeBase="C:/Users/NhatMinh/Desktop/Cua-hang-may-anh/TestProject/bin/Debug/TestProject.DLL" adapterTypeName="Microsoft.VisualStudio.TestTools.TestTypes.Unit.UnitTestAdapter, Microsoft.VisualStudio.QualityTools.Tips.UnitTest.Adapter, Version=10.0.0.0, Culture=neutral, PublicKeyToken=b03f5f7f11d50a3a" className="TestProject.UnitTest1, TestProject, Version=1.0.0.0, Culture=neutral, PublicKeyToken=null" name="TestThemSanPhamThieuThongTin" />
    </UnitTest>
  </TestDefinitions>
  <TestLists>
    <TestList name="Results Not in a List" id="8c84fa94-04c1-424b-9868-57a2d4851a1d" />
    <TestList name="All Loaded Results" id="19431567-8539-422a-85d7-44ee4e166bda" />
  </TestLists>
  <TestEntries>
    <TestEntry testId="503e6487-cc97-7bc0-2fe7-1afd080cae9a" executionId="3d293833-e703-499e-a910-5f7be0735355" testListId="8c84fa94-04c1-424b-9868-57a2d4851a1d" />
    <TestEntry testId="b9457e69-0aaa-482e-3901-020f2ada3b6f" executionId="764ca400-f1a2-4306-a9f1-c6255e72042b" testListId="8c84fa94-04c1-424b-9868-57a2d4851a1d" />
    <TestEntry testId="bcd29df2-8813-69e1-a74b-3cc4a2127297" executionId="b770b6bc-d22f-4407-bfb4-05038739fc6c" testListId="8c84fa94-04c1-424b-9868-57a2d4851a1d" />
  </TestEntries>
  <Results>
    <UnitTestResult executionId="3d293833-e703-499e-a910-5f7be0735355" testId="503e6487-cc97-7bc0-2fe7-1afd080cae9a" testName="TestThemSanPhamThieuThongTin" computerName="LAPTOP-OTVHORNK" duration="00:00:01.3395213" startTime="2019-11-17T17:31:15.8138024+07:00" endTime="2019-11-17T17:31:17.3965812+07:00" testType="13cdc9d9-ddb5-4fa4-a97d-d965ccfc6d4b" outcome="Passed" testListId="8c84fa94-04c1-424b-9868-57a2d4851a1d" relativeResultsDirectory="3d293833-e703-499e-a910-5f7be0735355">
    </UnitTestResult>
    <UnitTestResult executionId="764ca400-f1a2-4306-a9f1-c6255e72042b" testId="b9457e69-0aaa-482e-3901-020f2ada3b6f" testName="TestThemSanPhamDaTonTai" computerName="LAPTOP-OTVHORNK" duration="00:00:00.7223045" startTime="2019-11-17T17:31:17.4065549+07:00" endTime="2019-11-17T17:31:18.1326655+07:00" testType="13cdc9d9-ddb5-4fa4-a97d-d965ccfc6d4b" outcome="Passed" testListId="8c84fa94-04c1-424b-9868-57a2d4851a1d" relativeResultsDirectory="764ca400-f1a2-4306-a9f1-c6255e72042b">
    </UnitTestResult>
    <UnitTestResult executionId="b770b6bc-d22f-4407-bfb4-05038739fc6c" testId="bcd29df2-8813-69e1-a74b-3cc4a2127297" testName="TestThemSanPham" computerName="LAPTOP-OTVHORNK" duration="00:00:00.0847789" startTime="2019-11-17T17:31:18.1426385+07:00" endTime="2019-11-17T17:31:18.2305976+07:00" testType="13cdc9d9-ddb5-4fa4-a97d-d965ccfc6d4b" outcome="Passed" testListId="8c84fa94-04c1-424b-9868-57a2d4851a1d" relativeResultsDirectory="b770b6bc-d22f-4407-bfb4-05038739fc6c">
    </UnitTestResult>
  </Results>
</TestRun>